{"level":"info","message":"Database is connected ... ","timestamp":"2016-05-10T07:15:38.794Z"}
{"level":"info","message":"rendering index page","timestamp":"2016-05-10T07:15:42.427Z"}
{"level":"info","message":"rendering login page","timestamp":"2016-05-10T07:15:45.210Z"}
{"level":"info","message":"login process","timestamp":"2016-05-10T07:15:46.909Z"}
{"level":"info","message":"common user logged in","timestamp":"2016-05-10T07:15:46.957Z"}
{"level":"info","message":"rendering index page","timestamp":"2016-05-10T07:15:46.963Z"}
{"level":"info","message":"rendering index page","timestamp":"2016-05-10T07:16:35.830Z"}
{"level":"info","message":"usr logged out","timestamp":"2016-05-10T07:16:46.310Z"}
{"level":"info","message":"rendering index page","timestamp":"2016-05-10T07:16:46.317Z"}
{"level":"info","message":"rendering login page","timestamp":"2016-05-10T07:16:47.655Z"}
{"level":"info","message":"login process","timestamp":"2016-05-10T07:16:50.113Z"}
{"level":"info","message":"admin logged in","timestamp":"2016-05-10T07:16:50.114Z"}
{"0":{"user_id":1,"fname":"Mingxiao ","lname":"Guo","email":"mg@sjsu.edu","pwd":"sha1$cbc118e8$1$9f54955a92ed7772ae9f259748a55e778979b708","gender":"Male","birthday":"1992-02-21T08:00:00.000Z","phone":"4086669999","street":"","city":"San Francisco","state":"California","zip_code":"95110"},"1":{"user_id":2,"fname":"harry","lname":"potter","email":"hp@sjsu.edu","pwd":"sha1$21451946$1$ec2c8ab72466a058d1d58c162e01c70f4b239ecc","gender":"Male","birthday":null,"phone":null,"street":null,"city":null,"state":null,"zip_code":null},"level":"info","message":"in admin ","timestamp":"2016-05-10T07:16:50.125Z"}
{"0":{"user_id":1,"fname":"Mingxiao ","lname":"Guo","email":"mg@sjsu.edu","pwd":"sha1$cbc118e8$1$9f54955a92ed7772ae9f259748a55e778979b708","gender":"Male","birthday":"1992-02-21T08:00:00.000Z","phone":"4086669999","street":"","city":"San Francisco","state":"California","zip_code":"95110"},"1":{"user_id":2,"fname":"harry","lname":"potter","email":"hp@sjsu.edu","pwd":"sha1$21451946$1$ec2c8ab72466a058d1d58c162e01c70f4b239ecc","gender":"Male","birthday":null,"phone":null,"street":null,"city":null,"state":null,"zip_code":null},"level":"info","message":"in admin ","timestamp":"2016-05-10T07:17:39.888Z"}
{"0":{"user_id":1,"fname":"Mingxiao ","lname":"Guo","email":"mg@sjsu.edu","pwd":"sha1$cbc118e8$1$9f54955a92ed7772ae9f259748a55e778979b708","gender":"Male","birthday":"1992-02-21T08:00:00.000Z","phone":"4086669999","street":"","city":"San Francisco","state":"California","zip_code":"95110"},"1":{"user_id":2,"fname":"harry","lname":"potter","email":"hp@sjsu.edu","pwd":"sha1$21451946$1$ec2c8ab72466a058d1d58c162e01c70f4b239ecc","gender":"Male","birthday":null,"phone":null,"street":null,"city":null,"state":null,"zip_code":null},"level":"info","message":"in admin ","timestamp":"2016-05-10T07:17:42.952Z"}
{"level":"info","message":"usr logged out","timestamp":"2016-05-10T07:17:44.231Z"}
{"level":"info","message":"rendering index page","timestamp":"2016-05-10T07:17:44.236Z"}
{"level":"info","message":"rendering login page","timestamp":"2016-05-10T07:17:45.724Z"}
{"level":"info","message":"login process","timestamp":"2016-05-10T07:17:48.738Z"}
{"level":"info","message":"common user logged in","timestamp":"2016-05-10T07:17:48.739Z"}
{"level":"info","message":"rendering index page","timestamp":"2016-05-10T07:17:48.747Z"}
{"level":"info","message":"usr logged out","timestamp":"2016-05-10T07:18:07.231Z"}
{"level":"info","message":"rendering index page","timestamp":"2016-05-10T07:18:07.236Z"}
{"level":"info","message":"rendering login page","timestamp":"2016-05-10T07:18:10.397Z"}
{"level":"info","message":"login process","timestamp":"2016-05-10T07:18:12.731Z"}
{"level":"info","message":"admin logged in","timestamp":"2016-05-10T07:18:12.732Z"}
{"0":{"user_id":1,"fname":"Mingxiao ","lname":"Guo","email":"mg@sjsu.edu","pwd":"sha1$cbc118e8$1$9f54955a92ed7772ae9f259748a55e778979b708","gender":"Male","birthday":"1992-02-21T08:00:00.000Z","phone":"4086669999","street":"","city":"San Francisco","state":"California","zip_code":"95110"},"1":{"user_id":2,"fname":"harry","lname":"potter","email":"hp@sjsu.edu","pwd":"sha1$21451946$1$ec2c8ab72466a058d1d58c162e01c70f4b239ecc","gender":"Male","birthday":null,"phone":null,"street":null,"city":null,"state":null,"zip_code":null},"level":"info","message":"in admin ","timestamp":"2016-05-10T07:18:12.741Z"}
{"level":"info","message":"Database is connected ... ","timestamp":"2016-05-10T07:19:20.215Z"}
{"0":{"user_id":1,"fname":"Mingxiao ","lname":"Guo","email":"mg@sjsu.edu","pwd":"sha1$cbc118e8$1$9f54955a92ed7772ae9f259748a55e778979b708","gender":"Male","birthday":"1992-02-21T08:00:00.000Z","phone":"4086669999","street":"","city":"San Francisco","state":"California","zip_code":"95110"},"1":{"user_id":2,"fname":"harry","lname":"potter","email":"hp@sjsu.edu","pwd":"sha1$21451946$1$ec2c8ab72466a058d1d58c162e01c70f4b239ecc","gender":"Male","birthday":null,"phone":null,"street":null,"city":null,"state":null,"zip_code":null},"level":"info","message":"in admin ","timestamp":"2016-05-10T07:20:11.097Z"}
{"level":"info","message":"Database is connected ... ","timestamp":"2016-05-10T20:55:54.203Z"}
{"level":"info","message":"rendering index page","timestamp":"2016-05-10T20:55:59.149Z"}
{"level":"info","message":"rendering login page","timestamp":"2016-05-10T20:56:25.327Z"}
{"level":"info","message":"rendering login page","timestamp":"2016-05-10T20:57:58.277Z"}
{"level":"info","message":"Database is connected ... ","timestamp":"2016-05-10T21:49:25.017Z"}
{"level":"info","message":"rendering index page","timestamp":"2016-05-10T21:49:42.960Z"}
{"level":"info","message":"rendering login page","timestamp":"2016-05-10T21:51:12.719Z"}
{"level":"info","message":"login process","timestamp":"2016-05-10T21:51:15.628Z"}
{"level":"info","message":"admin logged in","timestamp":"2016-05-10T21:51:15.629Z"}
{"0":{"user_id":1,"fname":"Mingxiao ","lname":"Guo","email":"mg@sjsu.edu","pwd":"sha1$cbc118e8$1$9f54955a92ed7772ae9f259748a55e778979b708","gender":"Male","birthday":"1992-02-21T08:00:00.000Z","phone":"4086669999","street":"","city":"San Francisco","state":"California","zip_code":"95110"},"1":{"user_id":2,"fname":"harry","lname":"potter","email":"hp@sjsu.edu","pwd":"sha1$21451946$1$ec2c8ab72466a058d1d58c162e01c70f4b239ecc","gender":"Male","birthday":null,"phone":null,"street":null,"city":null,"state":null,"zip_code":null},"level":"info","message":"in admin ","timestamp":"2016-05-10T21:51:15.647Z"}
{"0":{"user_id":1,"fname":"Mingxiao ","lname":"Guo","email":"mg@sjsu.edu","pwd":"sha1$cbc118e8$1$9f54955a92ed7772ae9f259748a55e778979b708","gender":"Male","birthday":"1992-02-21T08:00:00.000Z","phone":"4086669999","street":"","city":"San Francisco","state":"California","zip_code":"95110"},"1":{"user_id":2,"fname":"harry","lname":"potter","email":"hp@sjsu.edu","pwd":"sha1$21451946$1$ec2c8ab72466a058d1d58c162e01c70f4b239ecc","gender":"Male","birthday":null,"phone":null,"street":null,"city":null,"state":null,"zip_code":null},"level":"info","message":"in admin ","timestamp":"2016-05-10T21:51:19.198Z"}
{"0":{"user_id":1,"fname":"Mingxiao ","lname":"Guo","email":"mg@sjsu.edu","pwd":"sha1$cbc118e8$1$9f54955a92ed7772ae9f259748a55e778979b708","gender":"Male","birthday":"1992-02-21T08:00:00.000Z","phone":"4086669999","street":"","city":"San Francisco","state":"California","zip_code":"95110"},"1":{"user_id":2,"fname":"harry","lname":"potter","email":"hp@sjsu.edu","pwd":"sha1$21451946$1$ec2c8ab72466a058d1d58c162e01c70f4b239ecc","gender":"Male","birthday":null,"phone":null,"street":null,"city":null,"state":null,"zip_code":null},"level":"info","message":"in admin ","timestamp":"2016-05-10T21:51:33.692Z"}
{"level":"info","message":"usr logged out","timestamp":"2016-05-10T21:51:35.490Z"}
{"level":"info","message":"rendering index page","timestamp":"2016-05-10T21:51:35.499Z"}
{"level":"info","message":"rendering login page","timestamp":"2016-05-10T21:52:12.182Z"}
{"level":"info","message":"login process","timestamp":"2016-05-10T21:52:19.991Z"}
{"level":"info","message":"common user logged in","timestamp":"2016-05-10T21:52:19.993Z"}
{"level":"info","message":"rendering index page","timestamp":"2016-05-10T21:52:20.000Z"}
{"level":"info","message":"usr logged out","timestamp":"2016-05-10T21:53:04.988Z"}
{"level":"info","message":"rendering index page","timestamp":"2016-05-10T21:53:04.992Z"}
{"level":"info","message":"rendering login page","timestamp":"2016-05-10T21:53:07.063Z"}
{"level":"info","message":"login process","timestamp":"2016-05-10T21:53:20.180Z"}
{"level":"info","message":"common user logged in","timestamp":"2016-05-10T21:53:20.182Z"}
{"level":"info","message":"rendering index page","timestamp":"2016-05-10T21:53:20.189Z"}
{"level":"info","message":"rendering index page","timestamp":"2016-05-10T21:54:01.755Z"}
{"level":"info","message":"rendering index page","timestamp":"2016-05-10T21:54:31.463Z"}
{"level":"info","message":"usr logged out","timestamp":"2016-05-10T21:54:45.958Z"}
{"level":"info","message":"rendering index page","timestamp":"2016-05-10T21:54:45.962Z"}
{"level":"info","message":"rendering login page","timestamp":"2016-05-10T21:55:00.330Z"}
{"level":"info","message":"login process","timestamp":"2016-05-10T21:55:02.547Z"}
{"level":"info","message":"common user logged in","timestamp":"2016-05-10T21:55:02.548Z"}
{"level":"info","message":"rendering index page","timestamp":"2016-05-10T21:55:02.556Z"}
{"level":"info","message":"usr logged out","timestamp":"2016-05-10T22:02:44.735Z"}
{"level":"info","message":"rendering index page","timestamp":"2016-05-10T22:02:44.739Z"}
{"level":"info","message":"rendering login page","timestamp":"2016-05-10T22:04:18.470Z"}
{"level":"info","message":"login process","timestamp":"2016-05-10T22:04:22.616Z"}
{"level":"info","message":"common user logged in","timestamp":"2016-05-10T22:04:22.617Z"}
{"level":"info","message":"rendering index page","timestamp":"2016-05-10T22:04:22.626Z"}
{"level":"info","message":"rendering index page","timestamp":"2016-05-10T22:05:23.992Z"}
{"level":"info","message":"rendering index page","timestamp":"2016-05-10T22:05:47.580Z"}
{"level":"info","message":"rendering index page","timestamp":"2016-05-10T22:08:08.864Z"}
{"level":"info","message":"rendering login page","timestamp":"2016-05-10T22:08:15.839Z"}
{"level":"info","message":"login process","timestamp":"2016-05-10T22:08:29.322Z"}
{"level":"info","message":"admin logged in","timestamp":"2016-05-10T22:08:29.322Z"}
{"0":{"user_id":1,"fname":"Mingxiao ","lname":"Guo","email":"mg@sjsu.edu","pwd":"sha1$cbc118e8$1$9f54955a92ed7772ae9f259748a55e778979b708","gender":"Male","birthday":"1992-02-21T08:00:00.000Z","phone":"4086669999","street":"","city":"San Francisco","state":"California","zip_code":"95110"},"1":{"user_id":2,"fname":"harry","lname":"potter","email":"hp@sjsu.edu","pwd":"sha1$21451946$1$ec2c8ab72466a058d1d58c162e01c70f4b239ecc","gender":"Male","birthday":null,"phone":null,"street":null,"city":null,"state":null,"zip_code":null},"level":"info","message":"in admin ","timestamp":"2016-05-10T22:08:29.345Z"}
{"level":"info","message":"usr logged out","timestamp":"2016-05-10T22:09:13.502Z"}
{"level":"info","message":"rendering index page","timestamp":"2016-05-10T22:09:13.509Z"}
{"level":"info","message":"rendering login page","timestamp":"2016-05-10T22:09:29.731Z"}
{"level":"info","message":"login process","timestamp":"2016-05-10T22:09:37.039Z"}
{"level":"info","message":"admin logged in","timestamp":"2016-05-10T22:09:37.040Z"}
{"0":{"user_id":1,"fname":"Mingxiao ","lname":"Guo","email":"mg@sjsu.edu","pwd":"sha1$cbc118e8$1$9f54955a92ed7772ae9f259748a55e778979b708","gender":"Male","birthday":"1992-02-21T08:00:00.000Z","phone":"4086669999","street":"","city":"San Francisco","state":"California","zip_code":"95110"},"1":{"user_id":2,"fname":"harry","lname":"potter","email":"hp@sjsu.edu","pwd":"sha1$21451946$1$ec2c8ab72466a058d1d58c162e01c70f4b239ecc","gender":"Male","birthday":null,"phone":null,"street":null,"city":null,"state":null,"zip_code":null},"level":"info","message":"in admin ","timestamp":"2016-05-10T22:09:37.062Z"}
{"level":"info","message":"usr logged out","timestamp":"2016-05-10T22:10:05.783Z"}
{"level":"info","message":"rendering index page","timestamp":"2016-05-10T22:10:05.787Z"}
{"level":"info","message":"rendering login page","timestamp":"2016-05-10T22:10:13.369Z"}
{"level":"info","message":"login process","timestamp":"2016-05-10T22:10:24.755Z"}
{"level":"info","message":"common user logged in","timestamp":"2016-05-10T22:10:24.756Z"}
{"level":"info","message":"rendering index page","timestamp":"2016-05-10T22:10:24.779Z"}
{"level":"info","message":"Database is connected ... ","timestamp":"2016-05-11T01:41:53.707Z"}
{"level":"info","message":"rendering index page","timestamp":"2016-05-11T01:41:58.354Z"}
{"level":"info","message":"rendering index page","timestamp":"2016-05-11T01:42:33.760Z"}
{"level":"info","message":"rendering index page","timestamp":"2016-05-11T01:42:50.816Z"}
{"level":"info","message":"rendering index page","timestamp":"2016-05-11T01:43:15.891Z"}
{"level":"info","message":"rendering login page","timestamp":"2016-05-11T01:43:20.408Z"}
{"level":"info","message":"login process","timestamp":"2016-05-11T01:43:31.171Z"}
{"level":"info","message":"common user logged in","timestamp":"2016-05-11T01:43:31.175Z"}
{"level":"info","message":"rendering index page","timestamp":"2016-05-11T01:43:31.183Z"}
{"level":"info","message":"user logged out","timestamp":"2016-05-11T01:45:28.455Z"}
{"level":"info","message":"rendering index page","timestamp":"2016-05-11T01:45:28.463Z"}
{"level":"info","message":"rendering login page","timestamp":"2016-05-11T01:45:30.054Z"}
{"level":"info","message":"login process","timestamp":"2016-05-11T01:45:38.262Z"}
{"level":"info","message":"common user logged in","timestamp":"2016-05-11T01:45:38.263Z"}
{"level":"info","message":"rendering index page","timestamp":"2016-05-11T01:45:38.271Z"}
{"level":"info","message":"user logged out","timestamp":"2016-05-11T01:46:31.516Z"}
{"level":"info","message":"rendering index page","timestamp":"2016-05-11T01:46:31.520Z"}
{"level":"info","message":"rendering login page","timestamp":"2016-05-11T01:46:32.929Z"}
{"level":"info","message":"login process","timestamp":"2016-05-11T01:46:44.919Z"}
{"level":"info","message":"common user logged in","timestamp":"2016-05-11T01:46:44.921Z"}
{"level":"info","message":"rendering index page","timestamp":"2016-05-11T01:46:44.930Z"}
{"level":"info","message":"user logged out","timestamp":"2016-05-11T01:47:38.189Z"}
{"level":"info","message":"rendering index page","timestamp":"2016-05-11T01:47:38.193Z"}
{"level":"info","message":"rendering login page","timestamp":"2016-05-11T01:47:40.275Z"}
{"level":"info","message":"login process","timestamp":"2016-05-11T01:47:46.483Z"}
{"level":"info","message":"common user logged in","timestamp":"2016-05-11T01:47:46.486Z"}
{"level":"info","message":"rendering index page","timestamp":"2016-05-11T01:47:46.492Z"}
{"level":"info","message":"user logged out","timestamp":"2016-05-11T01:49:38.926Z"}
{"level":"info","message":"rendering index page","timestamp":"2016-05-11T01:49:38.930Z"}
{"level":"info","message":"rendering login page","timestamp":"2016-05-11T01:49:41.281Z"}
{"level":"info","message":"login process","timestamp":"2016-05-11T01:49:47.940Z"}
{"level":"info","message":"common user logged in","timestamp":"2016-05-11T01:49:47.941Z"}
{"level":"info","message":"rendering index page","timestamp":"2016-05-11T01:49:47.948Z"}
{"level":"info","message":"user logged out","timestamp":"2016-05-11T01:53:20.664Z"}
{"level":"info","message":"rendering index page","timestamp":"2016-05-11T01:53:20.669Z"}
{"level":"info","message":"rendering login page","timestamp":"2016-05-11T01:53:21.452Z"}
{"level":"info","message":"login process","timestamp":"2016-05-11T01:53:22.757Z"}
{"level":"info","message":"common user logged in","timestamp":"2016-05-11T01:53:22.758Z"}
{"level":"info","message":"rendering index page","timestamp":"2016-05-11T01:53:22.765Z"}
{"level":"info","message":"rendering index page","timestamp":"2016-05-11T01:53:35.198Z"}
{"level":"info","message":"user logged out","timestamp":"2016-05-11T01:55:06.159Z"}
{"level":"info","message":"rendering index page","timestamp":"2016-05-11T01:55:06.163Z"}
{"level":"info","message":"rendering login page","timestamp":"2016-05-11T01:55:07.013Z"}
{"level":"info","message":"login process","timestamp":"2016-05-11T01:55:14.506Z"}
{"level":"info","message":"common user logged in","timestamp":"2016-05-11T01:55:14.508Z"}
{"level":"info","message":"rendering index page","timestamp":"2016-05-11T01:55:14.515Z"}
{"level":"info","message":"user logged out","timestamp":"2016-05-11T01:55:34.311Z"}
{"level":"info","message":"rendering index page","timestamp":"2016-05-11T01:55:34.316Z"}
{"level":"info","message":"rendering login page","timestamp":"2016-05-11T01:55:35.497Z"}
{"level":"info","message":"login process","timestamp":"2016-05-11T01:55:44.706Z"}
{"level":"info","message":"common user logged in","timestamp":"2016-05-11T01:55:44.707Z"}
{"level":"info","message":"rendering index page","timestamp":"2016-05-11T01:55:44.717Z"}
{"level":"info","message":"user logged out","timestamp":"2016-05-11T01:57:44.695Z"}
{"level":"info","message":"rendering index page","timestamp":"2016-05-11T01:57:44.699Z"}
{"level":"info","message":"rendering login page","timestamp":"2016-05-11T01:57:47.332Z"}
{"level":"info","message":"rendering index page","timestamp":"2016-05-11T02:00:04.927Z"}
{"level":"info","message":"rendering login page","timestamp":"2016-05-11T02:00:08.607Z"}
{"level":"info","message":"login process","timestamp":"2016-05-11T02:00:12.667Z"}
{"level":"info","message":"common user logged in","timestamp":"2016-05-11T02:00:12.668Z"}
{"level":"info","message":"rendering index page","timestamp":"2016-05-11T02:00:12.676Z"}
{"level":"info","message":"user logged out","timestamp":"2016-05-11T03:47:55.187Z"}
{"level":"info","message":"rendering index page","timestamp":"2016-05-11T03:47:55.191Z"}
{"level":"info","message":"rendering login page","timestamp":"2016-05-11T03:47:57.450Z"}
{"level":"info","message":"login process","timestamp":"2016-05-11T03:48:01.092Z"}
{"level":"info","message":"admin logged in","timestamp":"2016-05-11T03:48:01.092Z"}
{"0":{"user_id":1,"fname":"Mingxiao ","lname":"Guo","email":"mg@sjsu.edu","pwd":"sha1$cbc118e8$1$9f54955a92ed7772ae9f259748a55e778979b708","gender":"Male","birthday":"1992-02-21T08:00:00.000Z","phone":"4086669999","street":"","city":"San Francisco","state":"California","zip_code":"95110"},"1":{"user_id":2,"fname":"harry","lname":"potter","email":"hp@sjsu.edu","pwd":"sha1$39829340$1$fec9ea7a2f8738dfd0610082895a204863557d59","gender":"Male","birthday":"1900-01-01T08:00:00.000Z","phone":"123-456-7890","street":"some street","city":"San Francisco","state":"California","zip_code":"95110"},"2":{"user_id":3,"fname":"Chenglong","lname":"Wei","email":"wcl@sjsu.edu","pwd":"sha1$7c2e8981$1$7b772c0971476e6f4b9717955c5101590645520b","gender":"Male","birthday":"1900-01-01T08:00:00.000Z","phone":"123-456-7890","street":"Good street","city":"San Francisco","state":"California","zip_code":"123456"},"3":{"user_id":4,"fname":"Qi","lname":"Cao","email":"cq@sjsu.edu","pwd":"sha1$b59b3dd3$1$148655813a8872775288a7cec0c4ea958ecbc417","gender":"Female","birthday":"1900-01-01T08:00:00.000Z","phone":"123-456-7890","street":"some street","city":"Seattle","state":"Washington","zip_code":"20000"},"4":{"user_id":5,"fname":"Feng","lname":"Chen","email":"cf@sjsu.edu","pwd":"sha1$3718abbe$1$4b8443a4e29aaf8f170417a0a906b2e981dbded0","gender":"Female","birthday":"1900-01-01T08:00:00.000Z","phone":"987-654-3210","street":"new york street","city":"New York","state":"New York","zip_code":"10000"},"5":{"user_id":6,"fname":"Tom","lname":"Riddle","email":"tr@sjsu.edu","pwd":"sha1$3249f52e$1$73939dba22ad328f9df39703ab76789b1c70ce73","gender":"Male","birthday":"1900-01-01T08:00:00.000Z","phone":"123-456-7890","street":"good street","city":"San Francisco","state":"California","zip_code":"90000"},"level":"info","message":"in admin ","timestamp":"2016-05-11T03:48:01.103Z"}
{"level":"info","message":"Database is connected ... ","timestamp":"2016-05-11T03:51:44.699Z"}
{"0":{"user_id":1,"fname":"Mingxiao ","lname":"Guo","email":"mg@sjsu.edu","pwd":"sha1$cbc118e8$1$9f54955a92ed7772ae9f259748a55e778979b708","gender":"Male","birthday":"1992-02-21T08:00:00.000Z","phone":"4086669999","street":"","city":"San Francisco","state":"California","zip_code":"95110"},"1":{"user_id":2,"fname":"harry","lname":"potter","email":"hp@sjsu.edu","pwd":"sha1$39829340$1$fec9ea7a2f8738dfd0610082895a204863557d59","gender":"Male","birthday":"1900-01-01T08:00:00.000Z","phone":"123-456-7890","street":"some street","city":"San Francisco","state":"California","zip_code":"95110"},"2":{"user_id":3,"fname":"Chenglong","lname":"Wei","email":"wcl@sjsu.edu","pwd":"sha1$7c2e8981$1$7b772c0971476e6f4b9717955c5101590645520b","gender":"Male","birthday":"1900-01-01T08:00:00.000Z","phone":"123-456-7890","street":"Good street","city":"San Francisco","state":"California","zip_code":"123456"},"3":{"user_id":4,"fname":"Qi","lname":"Cao","email":"cq@sjsu.edu","pwd":"sha1$b59b3dd3$1$148655813a8872775288a7cec0c4ea958ecbc417","gender":"Female","birthday":"1900-01-01T08:00:00.000Z","phone":"123-456-7890","street":"some street","city":"Seattle","state":"Washington","zip_code":"20000"},"4":{"user_id":5,"fname":"Feng","lname":"Chen","email":"cf@sjsu.edu","pwd":"sha1$3718abbe$1$4b8443a4e29aaf8f170417a0a906b2e981dbded0","gender":"Female","birthday":"1900-01-01T08:00:00.000Z","phone":"987-654-3210","street":"new york street","city":"New York","state":"New York","zip_code":"10000"},"5":{"user_id":6,"fname":"Tom","lname":"Riddle","email":"tr@sjsu.edu","pwd":"sha1$3249f52e$1$73939dba22ad328f9df39703ab76789b1c70ce73","gender":"Male","birthday":"1900-01-01T08:00:00.000Z","phone":"123-456-7890","street":"good street","city":"San Francisco","state":"California","zip_code":"90000"},"level":"info","message":"in admin ","timestamp":"2016-05-11T03:51:47.266Z"}
{"0":{"user_id":1,"fname":"Mingxiao ","lname":"Guo","email":"mg@sjsu.edu","pwd":"sha1$cbc118e8$1$9f54955a92ed7772ae9f259748a55e778979b708","gender":"Male","birthday":"1992-02-21T08:00:00.000Z","phone":"4086669999","street":"","city":"San Francisco","state":"California","zip_code":"95110"},"1":{"user_id":2,"fname":"harry","lname":"potter","email":"hp@sjsu.edu","pwd":"sha1$39829340$1$fec9ea7a2f8738dfd0610082895a204863557d59","gender":"Male","birthday":"1900-01-01T08:00:00.000Z","phone":"123-456-7890","street":"some street","city":"San Francisco","state":"California","zip_code":"95110"},"2":{"user_id":3,"fname":"Chenglong","lname":"Wei","email":"wcl@sjsu.edu","pwd":"sha1$7c2e8981$1$7b772c0971476e6f4b9717955c5101590645520b","gender":"Male","birthday":"1900-01-01T08:00:00.000Z","phone":"123-456-7890","street":"Good street","city":"San Francisco","state":"California","zip_code":"123456"},"3":{"user_id":4,"fname":"Qi","lname":"Cao","email":"cq@sjsu.edu","pwd":"sha1$b59b3dd3$1$148655813a8872775288a7cec0c4ea958ecbc417","gender":"Female","birthday":"1900-01-01T08:00:00.000Z","phone":"123-456-7890","street":"some street","city":"Seattle","state":"Washington","zip_code":"20000"},"4":{"user_id":5,"fname":"Feng","lname":"Chen","email":"cf@sjsu.edu","pwd":"sha1$3718abbe$1$4b8443a4e29aaf8f170417a0a906b2e981dbded0","gender":"Female","birthday":"1900-01-01T08:00:00.000Z","phone":"987-654-3210","street":"new york street","city":"New York","state":"New York","zip_code":"10000"},"5":{"user_id":6,"fname":"Tom","lname":"Riddle","email":"tr@sjsu.edu","pwd":"sha1$3249f52e$1$73939dba22ad328f9df39703ab76789b1c70ce73","gender":"Male","birthday":"1900-01-01T08:00:00.000Z","phone":"123-456-7890","street":"good street","city":"San Francisco","state":"California","zip_code":"90000"},"level":"info","message":"in admin ","timestamp":"2016-05-11T03:51:51.771Z"}
{"level":"info","message":"Database is connected ... ","timestamp":"2016-05-11T03:52:53.605Z"}
{"level":"info","message":"Database is connected ... ","timestamp":"2016-05-11T03:53:06.183Z"}
{"level":"info","message":"Database is connected ... ","timestamp":"2016-05-11T03:54:07.046Z"}
{"level":"info","message":"Database is connected ... ","timestamp":"2016-05-11T03:54:21.042Z"}
{"level":"info","message":"Database is connected ... ","timestamp":"2016-05-11T03:54:33.235Z"}
{"level":"info","message":"Database is connected ... ","timestamp":"2016-05-11T03:54:51.269Z"}
{"level":"info","message":"Database is connected ... ","timestamp":"2016-05-11T03:55:08.711Z"}
{"level":"info","message":"Database is connected ... ","timestamp":"2016-05-11T03:55:17.041Z"}
{"level":"info","message":"Database is connected ... ","timestamp":"2016-05-11T03:55:22.008Z"}
{"0":{"user_id":1,"fname":"Mingxiao ","lname":"Guo","email":"mg@sjsu.edu","pwd":"sha1$cbc118e8$1$9f54955a92ed7772ae9f259748a55e778979b708","gender":"Male","birthday":"1992-02-21T08:00:00.000Z","phone":"4086669999","street":"","city":"San Francisco","state":"California","zip_code":"95110"},"1":{"user_id":2,"fname":"harry","lname":"potter","email":"hp@sjsu.edu","pwd":"sha1$39829340$1$fec9ea7a2f8738dfd0610082895a204863557d59","gender":"Male","birthday":"1900-01-01T08:00:00.000Z","phone":"123-456-7890","street":"some street","city":"San Francisco","state":"California","zip_code":"95110"},"2":{"user_id":3,"fname":"Chenglong","lname":"Wei","email":"wcl@sjsu.edu","pwd":"sha1$7c2e8981$1$7b772c0971476e6f4b9717955c5101590645520b","gender":"Male","birthday":"1900-01-01T08:00:00.000Z","phone":"123-456-7890","street":"Good street","city":"San Francisco","state":"California","zip_code":"123456"},"3":{"user_id":4,"fname":"Qi","lname":"Cao","email":"cq@sjsu.edu","pwd":"sha1$b59b3dd3$1$148655813a8872775288a7cec0c4ea958ecbc417","gender":"Female","birthday":"1900-01-01T08:00:00.000Z","phone":"123-456-7890","street":"some street","city":"Seattle","state":"Washington","zip_code":"20000"},"4":{"user_id":5,"fname":"Feng","lname":"Chen","email":"cf@sjsu.edu","pwd":"sha1$3718abbe$1$4b8443a4e29aaf8f170417a0a906b2e981dbded0","gender":"Female","birthday":"1900-01-01T08:00:00.000Z","phone":"987-654-3210","street":"new york street","city":"New York","state":"New York","zip_code":"10000"},"5":{"user_id":6,"fname":"Tom","lname":"Riddle","email":"tr@sjsu.edu","pwd":"sha1$3249f52e$1$73939dba22ad328f9df39703ab76789b1c70ce73","gender":"Male","birthday":"1900-01-01T08:00:00.000Z","phone":"123-456-7890","street":"good street","city":"San Francisco","state":"California","zip_code":"90000"},"level":"info","message":"in admin ","timestamp":"2016-05-11T03:55:27.369Z"}
{"0":{"user_id":1,"fname":"Mingxiao ","lname":"Guo","email":"mg@sjsu.edu","pwd":"sha1$cbc118e8$1$9f54955a92ed7772ae9f259748a55e778979b708","gender":"Male","birthday":"1992-02-21T08:00:00.000Z","phone":"4086669999","street":"","city":"San Francisco","state":"California","zip_code":"95110"},"1":{"user_id":2,"fname":"harry","lname":"potter","email":"hp@sjsu.edu","pwd":"sha1$39829340$1$fec9ea7a2f8738dfd0610082895a204863557d59","gender":"Male","birthday":"1900-01-01T08:00:00.000Z","phone":"123-456-7890","street":"some street","city":"San Francisco","state":"California","zip_code":"95110"},"2":{"user_id":3,"fname":"Chenglong","lname":"Wei","email":"wcl@sjsu.edu","pwd":"sha1$7c2e8981$1$7b772c0971476e6f4b9717955c5101590645520b","gender":"Male","birthday":"1900-01-01T08:00:00.000Z","phone":"123-456-7890","street":"Good street","city":"San Francisco","state":"California","zip_code":"123456"},"3":{"user_id":4,"fname":"Qi","lname":"Cao","email":"cq@sjsu.edu","pwd":"sha1$b59b3dd3$1$148655813a8872775288a7cec0c4ea958ecbc417","gender":"Female","birthday":"1900-01-01T08:00:00.000Z","phone":"123-456-7890","street":"some street","city":"Seattle","state":"Washington","zip_code":"20000"},"4":{"user_id":5,"fname":"Feng","lname":"Chen","email":"cf@sjsu.edu","pwd":"sha1$3718abbe$1$4b8443a4e29aaf8f170417a0a906b2e981dbded0","gender":"Female","birthday":"1900-01-01T08:00:00.000Z","phone":"987-654-3210","street":"new york street","city":"New York","state":"New York","zip_code":"10000"},"5":{"user_id":6,"fname":"Tom","lname":"Riddle","email":"tr@sjsu.edu","pwd":"sha1$3249f52e$1$73939dba22ad328f9df39703ab76789b1c70ce73","gender":"Male","birthday":"1900-01-01T08:00:00.000Z","phone":"123-456-7890","street":"good street","city":"San Francisco","state":"California","zip_code":"90000"},"level":"info","message":"in admin ","timestamp":"2016-05-11T03:55:31.068Z"}
{"0":{"user_id":1,"fname":"Mingxiao ","lname":"Guo","email":"mg@sjsu.edu","pwd":"sha1$cbc118e8$1$9f54955a92ed7772ae9f259748a55e778979b708","gender":"Male","birthday":"1992-02-21T08:00:00.000Z","phone":"4086669999","street":"","city":"San Francisco","state":"California","zip_code":"95110"},"1":{"user_id":2,"fname":"harry","lname":"potter","email":"hp@sjsu.edu","pwd":"sha1$39829340$1$fec9ea7a2f8738dfd0610082895a204863557d59","gender":"Male","birthday":"1900-01-01T08:00:00.000Z","phone":"123-456-7890","street":"some street","city":"San Francisco","state":"California","zip_code":"95110"},"2":{"user_id":3,"fname":"Chenglong","lname":"Wei","email":"wcl@sjsu.edu","pwd":"sha1$7c2e8981$1$7b772c0971476e6f4b9717955c5101590645520b","gender":"Male","birthday":"1900-01-01T08:00:00.000Z","phone":"123-456-7890","street":"Good street","city":"San Francisco","state":"California","zip_code":"123456"},"3":{"user_id":4,"fname":"Qi","lname":"Cao","email":"cq@sjsu.edu","pwd":"sha1$b59b3dd3$1$148655813a8872775288a7cec0c4ea958ecbc417","gender":"Female","birthday":"1900-01-01T08:00:00.000Z","phone":"123-456-7890","street":"some street","city":"Seattle","state":"Washington","zip_code":"20000"},"4":{"user_id":5,"fname":"Feng","lname":"Chen","email":"cf@sjsu.edu","pwd":"sha1$3718abbe$1$4b8443a4e29aaf8f170417a0a906b2e981dbded0","gender":"Female","birthday":"1900-01-01T08:00:00.000Z","phone":"987-654-3210","street":"new york street","city":"New York","state":"New York","zip_code":"10000"},"5":{"user_id":6,"fname":"Tom","lname":"Riddle","email":"tr@sjsu.edu","pwd":"sha1$3249f52e$1$73939dba22ad328f9df39703ab76789b1c70ce73","gender":"Male","birthday":"1900-01-01T08:00:00.000Z","phone":"123-456-7890","street":"good street","city":"San Francisco","state":"California","zip_code":"90000"},"level":"info","message":"in admin ","timestamp":"2016-05-11T03:55:35.284Z"}
{"0":{"user_id":1,"fname":"Mingxiao ","lname":"Guo","email":"mg@sjsu.edu","pwd":"sha1$cbc118e8$1$9f54955a92ed7772ae9f259748a55e778979b708","gender":"Male","birthday":"1992-02-21T08:00:00.000Z","phone":"4086669999","street":"","city":"San Francisco","state":"California","zip_code":"95110"},"1":{"user_id":2,"fname":"harry","lname":"potter","email":"hp@sjsu.edu","pwd":"sha1$39829340$1$fec9ea7a2f8738dfd0610082895a204863557d59","gender":"Male","birthday":"1900-01-01T08:00:00.000Z","phone":"123-456-7890","street":"some street","city":"San Francisco","state":"California","zip_code":"95110"},"2":{"user_id":3,"fname":"Chenglong","lname":"Wei","email":"wcl@sjsu.edu","pwd":"sha1$7c2e8981$1$7b772c0971476e6f4b9717955c5101590645520b","gender":"Male","birthday":"1900-01-01T08:00:00.000Z","phone":"123-456-7890","street":"Good street","city":"San Francisco","state":"California","zip_code":"123456"},"3":{"user_id":4,"fname":"Qi","lname":"Cao","email":"cq@sjsu.edu","pwd":"sha1$b59b3dd3$1$148655813a8872775288a7cec0c4ea958ecbc417","gender":"Female","birthday":"1900-01-01T08:00:00.000Z","phone":"123-456-7890","street":"some street","city":"Seattle","state":"Washington","zip_code":"20000"},"4":{"user_id":5,"fname":"Feng","lname":"Chen","email":"cf@sjsu.edu","pwd":"sha1$3718abbe$1$4b8443a4e29aaf8f170417a0a906b2e981dbded0","gender":"Female","birthday":"1900-01-01T08:00:00.000Z","phone":"987-654-3210","street":"new york street","city":"New York","state":"New York","zip_code":"10000"},"5":{"user_id":6,"fname":"Tom","lname":"Riddle","email":"tr@sjsu.edu","pwd":"sha1$3249f52e$1$73939dba22ad328f9df39703ab76789b1c70ce73","gender":"Male","birthday":"1900-01-01T08:00:00.000Z","phone":"123-456-7890","street":"good street","city":"San Francisco","state":"California","zip_code":"90000"},"level":"info","message":"in admin ","timestamp":"2016-05-11T03:55:41.498Z"}
{"0":{"user_id":1,"fname":"Mingxiao ","lname":"Guo","email":"mg@sjsu.edu","pwd":"sha1$cbc118e8$1$9f54955a92ed7772ae9f259748a55e778979b708","gender":"Male","birthday":"1992-02-21T08:00:00.000Z","phone":"4086669999","street":"","city":"San Francisco","state":"California","zip_code":"95110"},"1":{"user_id":2,"fname":"harry","lname":"potter","email":"hp@sjsu.edu","pwd":"sha1$39829340$1$fec9ea7a2f8738dfd0610082895a204863557d59","gender":"Male","birthday":"1900-01-01T08:00:00.000Z","phone":"123-456-7890","street":"some street","city":"San Francisco","state":"California","zip_code":"95110"},"2":{"user_id":3,"fname":"Chenglong","lname":"Wei","email":"wcl@sjsu.edu","pwd":"sha1$7c2e8981$1$7b772c0971476e6f4b9717955c5101590645520b","gender":"Male","birthday":"1900-01-01T08:00:00.000Z","phone":"123-456-7890","street":"Good street","city":"San Francisco","state":"California","zip_code":"123456"},"3":{"user_id":4,"fname":"Qi","lname":"Cao","email":"cq@sjsu.edu","pwd":"sha1$b59b3dd3$1$148655813a8872775288a7cec0c4ea958ecbc417","gender":"Female","birthday":"1900-01-01T08:00:00.000Z","phone":"123-456-7890","street":"some street","city":"Seattle","state":"Washington","zip_code":"20000"},"4":{"user_id":5,"fname":"Feng","lname":"Chen","email":"cf@sjsu.edu","pwd":"sha1$3718abbe$1$4b8443a4e29aaf8f170417a0a906b2e981dbded0","gender":"Female","birthday":"1900-01-01T08:00:00.000Z","phone":"987-654-3210","street":"new york street","city":"New York","state":"New York","zip_code":"10000"},"5":{"user_id":6,"fname":"Tom","lname":"Riddle","email":"tr@sjsu.edu","pwd":"sha1$3249f52e$1$73939dba22ad328f9df39703ab76789b1c70ce73","gender":"Male","birthday":"1900-01-01T08:00:00.000Z","phone":"123-456-7890","street":"good street","city":"San Francisco","state":"California","zip_code":"90000"},"level":"info","message":"in admin ","timestamp":"2016-05-11T03:56:41.344Z"}
{"level":"info","message":"user logged out","timestamp":"2016-05-11T03:56:50.143Z"}
{"level":"info","message":"rendering index page","timestamp":"2016-05-11T03:56:50.151Z"}
{"level":"info","message":"rendering login page","timestamp":"2016-05-11T03:57:17.899Z"}
{"level":"info","message":"login process","timestamp":"2016-05-11T03:57:25.486Z"}
{"level":"info","message":"common user logged in","timestamp":"2016-05-11T03:57:25.488Z"}
{"level":"info","message":"rendering index page","timestamp":"2016-05-11T03:57:25.499Z"}
{"level":"info","message":"Database is connected ... ","timestamp":"2016-05-11T04:02:34.561Z"}
{"level":"info","message":"Database is connected ... ","timestamp":"2016-05-11T04:02:47.275Z"}
{"level":"info","message":"Database is connected ... ","timestamp":"2016-05-11T04:02:48.508Z"}
{"level":"info","message":"Database is connected ... ","timestamp":"2016-05-11T04:02:55.395Z"}
{"level":"info","message":"Database is connected ... ","timestamp":"2016-05-11T04:03:54.398Z"}
{"level":"info","message":"rendering index page","timestamp":"2016-05-11T04:07:39.804Z"}
{"level":"info","message":"rendering index page","timestamp":"2016-05-11T04:08:14.122Z"}
{"level":"info","message":"rendering index page","timestamp":"2016-05-11T04:09:13.532Z"}
{"level":"info","message":"rendering index page","timestamp":"2016-05-11T04:10:40.539Z"}
{"level":"info","message":"rendering index page","timestamp":"2016-05-11T04:10:51.989Z"}
{"level":"info","message":"rendering index page","timestamp":"2016-05-11T04:11:01.242Z"}
{"level":"info","message":"rendering index page","timestamp":"2016-05-11T04:11:09.150Z"}
{"level":"info","message":"rendering index page","timestamp":"2016-05-11T04:12:07.510Z"}
{"level":"info","message":"rendering index page","timestamp":"2016-05-11T04:12:15.183Z"}
{"level":"info","message":"Database is connected ... ","timestamp":"2016-05-11T04:20:11.584Z"}
{"level":"info","message":"Database is connected ... ","timestamp":"2016-05-11T04:20:23.563Z"}
{"level":"info","message":"Database is connected ... ","timestamp":"2016-05-11T04:20:30.001Z"}
{"level":"info","message":"Database is connected ... ","timestamp":"2016-05-11T04:21:20.990Z"}
{"level":"info","message":"Database is connected ... ","timestamp":"2016-05-11T04:21:39.406Z"}
{"level":"info","message":"Database is connected ... ","timestamp":"2016-05-11T04:21:40.657Z"}
{"level":"info","message":"Database is connected ... ","timestamp":"2016-05-11T04:21:43.741Z"}
{"level":"info","message":"rendering index page","timestamp":"2016-05-11T04:21:47.718Z"}
{"level":"info","message":"rendering index page","timestamp":"2016-05-11T04:22:39.755Z"}
{"level":"info","message":"rendering login page","timestamp":"2016-05-11T04:23:20.434Z"}
{"level":"info","message":"rendering login page","timestamp":"2016-05-11T04:23:33.578Z"}
{"level":"info","message":"rendering login page","timestamp":"2016-05-11T04:23:48.668Z"}
{"level":"info","message":"rendering login page","timestamp":"2016-05-11T04:23:53.683Z"}
{"level":"info","message":"rendering login page","timestamp":"2016-05-11T04:24:52.361Z"}
{"level":"info","message":"rendering login page","timestamp":"2016-05-11T04:25:03.484Z"}
{"level":"info","message":"rendering login page","timestamp":"2016-05-11T04:25:12.611Z"}
{"level":"info","message":"rendering login page","timestamp":"2016-05-11T04:25:33.610Z"}
{"level":"info","message":"rendering login page","timestamp":"2016-05-11T04:25:42.038Z"}
{"level":"info","message":"rendering login page","timestamp":"2016-05-11T04:26:01.814Z"}
{"level":"info","message":"login process","timestamp":"2016-05-11T04:26:20.760Z"}
{"level":"info","message":"rendering login page","timestamp":"2016-05-11T04:26:20.763Z"}
{"level":"info","message":"common user logged in","timestamp":"2016-05-11T04:26:20.767Z"}
{"level":"info","message":"rendering login page","timestamp":"2016-05-11T04:26:29.613Z"}
{"level":"info","message":"Database is connected ... ","timestamp":"2016-05-11T04:26:36.699Z"}
{"level":"info","message":"rendering index page","timestamp":"2016-05-11T04:26:39.261Z"}
{"level":"info","message":"rendering login page","timestamp":"2016-05-11T04:26:42.445Z"}
{"level":"info","message":"login process","timestamp":"2016-05-11T04:26:43.534Z"}
{"level":"info","message":"rendering login page","timestamp":"2016-05-11T04:26:43.538Z"}
{"level":"info","message":"common user logged in","timestamp":"2016-05-11T04:26:43.545Z"}
{"level":"info","message":"rendering login page","timestamp":"2016-05-11T04:27:17.767Z"}
{"level":"info","message":"rendering index page","timestamp":"2016-05-11T04:27:20.026Z"}
{"level":"info","message":"Database is connected ... ","timestamp":"2016-05-11T04:27:28.413Z"}
{"level":"info","message":"rendering index page","timestamp":"2016-05-11T04:27:30.091Z"}
{"level":"info","message":"rendering login page","timestamp":"2016-05-11T04:27:31.110Z"}
{"level":"info","message":"login process","timestamp":"2016-05-11T04:27:34.375Z"}
{"level":"info","message":"rendering login page","timestamp":"2016-05-11T04:27:34.379Z"}
{"level":"info","message":"common user logged in","timestamp":"2016-05-11T04:27:34.387Z"}
{"level":"info","message":"Database is connected ... ","timestamp":"2016-05-11T04:29:15.981Z"}
{"level":"info","message":"Database is connected ... ","timestamp":"2016-05-11T04:29:18.109Z"}
{"level":"info","message":"rendering index page","timestamp":"2016-05-11T04:29:22.791Z"}
{"level":"info","message":"rendering login page","timestamp":"2016-05-11T04:29:24.206Z"}
{"level":"info","message":"login process","timestamp":"2016-05-11T04:29:25.716Z"}
{"level":"info","message":"rendering login page","timestamp":"2016-05-11T04:29:25.719Z"}
{"level":"info","message":"common user logged in","timestamp":"2016-05-11T04:29:25.726Z"}
{"level":"info","message":"rendering index page","timestamp":"2016-05-11T04:30:59.139Z"}
{"level":"info","message":"Database is connected ... ","timestamp":"2016-05-11T04:31:07.429Z"}
{"level":"info","message":"rendering index page","timestamp":"2016-05-11T04:31:10.084Z"}
{"level":"info","message":"rendering login page","timestamp":"2016-05-11T04:31:11.319Z"}
{"level":"info","message":"login process","timestamp":"2016-05-11T04:31:12.157Z"}
{"level":"info","message":"rendering login page","timestamp":"2016-05-11T04:31:12.159Z"}
{"level":"info","message":"common user logged in","timestamp":"2016-05-11T04:31:12.167Z"}
{"level":"info","message":"Database is connected ... ","timestamp":"2016-05-11T04:31:34.520Z"}
{"level":"info","message":"rendering login page","timestamp":"2016-05-11T04:31:53.189Z"}
{"level":"info","message":"Database is connected ... ","timestamp":"2016-05-11T04:32:00.887Z"}
{"level":"info","message":"rendering index page","timestamp":"2016-05-11T04:32:01.684Z"}
{"level":"info","message":"rendering index page","timestamp":"2016-05-11T04:32:02.094Z"}
{"level":"info","message":"rendering login page","timestamp":"2016-05-11T04:32:03.417Z"}
{"level":"info","message":"login process","timestamp":"2016-05-11T04:32:04.765Z"}
{"level":"info","message":"rendering login page","timestamp":"2016-05-11T04:32:04.767Z"}
{"level":"info","message":"common user logged in","timestamp":"2016-05-11T04:32:04.779Z"}
{"level":"info","message":"rendering index page","timestamp":"2016-05-11T04:32:22.357Z"}
{"level":"info","message":"user logged out","timestamp":"2016-05-11T04:32:25.023Z"}
{"level":"info","message":"rendering index page","timestamp":"2016-05-11T04:32:25.032Z"}
{"level":"info","message":"rendering login page","timestamp":"2016-05-11T04:32:25.777Z"}
{"level":"info","message":"login process","timestamp":"2016-05-11T04:32:26.678Z"}
{"level":"info","message":"common user logged in","timestamp":"2016-05-11T04:32:26.682Z"}
{"level":"info","message":"rendering login page","timestamp":"2016-05-11T04:32:26.684Z"}
{"level":"info","message":"rendering index page","timestamp":"2016-05-11T04:32:26.690Z"}
{"level":"info","message":"user logged out","timestamp":"2016-05-11T04:32:46.700Z"}
{"level":"info","message":"rendering index page","timestamp":"2016-05-11T04:32:46.705Z"}
{"level":"info","message":"rendering login page","timestamp":"2016-05-11T04:32:47.607Z"}
{"level":"info","message":"login process","timestamp":"2016-05-11T04:32:48.543Z"}
{"level":"info","message":"common user logged in","timestamp":"2016-05-11T04:32:48.544Z"}
{"level":"info","message":"rendering login page","timestamp":"2016-05-11T04:32:48.548Z"}
{"level":"info","message":"rendering index page","timestamp":"2016-05-11T04:32:48.553Z"}
{"level":"info","message":"rendering login page","timestamp":"2016-05-11T04:32:50.195Z"}
{"level":"info","message":"user logged out","timestamp":"2016-05-11T04:33:07.573Z"}
{"level":"info","message":"rendering index page","timestamp":"2016-05-11T04:33:07.578Z"}
{"level":"info","message":"rendering login page","timestamp":"2016-05-11T04:33:08.340Z"}
{"level":"info","message":"login process","timestamp":"2016-05-11T04:33:10.640Z"}
{"level":"info","message":"admin logged in","timestamp":"2016-05-11T04:33:10.641Z"}
{"level":"info","message":"rendering login page","timestamp":"2016-05-11T04:33:10.644Z"}
{"0":{"user_id":1,"fname":"Mingxiao ","lname":"Guo","email":"mg@sjsu.edu","pwd":"sha1$cbc118e8$1$9f54955a92ed7772ae9f259748a55e778979b708","gender":"Male","birthday":"1992-02-21T08:00:00.000Z","phone":"4086669999","street":"","city":"San Francisco","state":"California","zip_code":"95110"},"1":{"user_id":2,"fname":"harry","lname":"potter","email":"hp@sjsu.edu","pwd":"sha1$39829340$1$fec9ea7a2f8738dfd0610082895a204863557d59","gender":"Male","birthday":"1900-01-01T08:00:00.000Z","phone":"123-456-7890","street":"some street","city":"San Francisco","state":"California","zip_code":"95110"},"2":{"user_id":3,"fname":"Chenglong","lname":"Wei","email":"wcl@sjsu.edu","pwd":"sha1$7c2e8981$1$7b772c0971476e6f4b9717955c5101590645520b","gender":"Male","birthday":"1900-01-01T08:00:00.000Z","phone":"123-456-7890","street":"Good street","city":"San Francisco","state":"California","zip_code":"123456"},"3":{"user_id":4,"fname":"Qi","lname":"Cao","email":"cq@sjsu.edu","pwd":"sha1$b59b3dd3$1$148655813a8872775288a7cec0c4ea958ecbc417","gender":"Female","birthday":"1900-01-01T08:00:00.000Z","phone":"123-456-7890","street":"some street","city":"Seattle","state":"Washington","zip_code":"20000"},"4":{"user_id":5,"fname":"Feng","lname":"Chen","email":"cf@sjsu.edu","pwd":"sha1$3718abbe$1$4b8443a4e29aaf8f170417a0a906b2e981dbded0","gender":"Female","birthday":"1900-01-01T08:00:00.000Z","phone":"987-654-3210","street":"new york street","city":"New York","state":"New York","zip_code":"10000"},"5":{"user_id":6,"fname":"Tom","lname":"Riddle","email":"tr@sjsu.edu","pwd":"sha1$3249f52e$1$73939dba22ad328f9df39703ab76789b1c70ce73","gender":"Male","birthday":"1900-01-01T08:00:00.000Z","phone":"123-456-7890","street":"good street","city":"San Francisco","state":"California","zip_code":"90000"},"level":"info","message":"in admin ","timestamp":"2016-05-11T04:33:10.651Z"}
{"0":{"user_id":1,"fname":"Mingxiao ","lname":"Guo","email":"mg@sjsu.edu","pwd":"sha1$cbc118e8$1$9f54955a92ed7772ae9f259748a55e778979b708","gender":"Male","birthday":"1992-02-21T08:00:00.000Z","phone":"4086669999","street":"","city":"San Francisco","state":"California","zip_code":"95110"},"1":{"user_id":2,"fname":"harry","lname":"potter","email":"hp@sjsu.edu","pwd":"sha1$39829340$1$fec9ea7a2f8738dfd0610082895a204863557d59","gender":"Male","birthday":"1900-01-01T08:00:00.000Z","phone":"123-456-7890","street":"some street","city":"San Francisco","state":"California","zip_code":"95110"},"2":{"user_id":3,"fname":"Chenglong","lname":"Wei","email":"wcl@sjsu.edu","pwd":"sha1$7c2e8981$1$7b772c0971476e6f4b9717955c5101590645520b","gender":"Male","birthday":"1900-01-01T08:00:00.000Z","phone":"123-456-7890","street":"Good street","city":"San Francisco","state":"California","zip_code":"123456"},"3":{"user_id":4,"fname":"Qi","lname":"Cao","email":"cq@sjsu.edu","pwd":"sha1$b59b3dd3$1$148655813a8872775288a7cec0c4ea958ecbc417","gender":"Female","birthday":"1900-01-01T08:00:00.000Z","phone":"123-456-7890","street":"some street","city":"Seattle","state":"Washington","zip_code":"20000"},"4":{"user_id":5,"fname":"Feng","lname":"Chen","email":"cf@sjsu.edu","pwd":"sha1$3718abbe$1$4b8443a4e29aaf8f170417a0a906b2e981dbded0","gender":"Female","birthday":"1900-01-01T08:00:00.000Z","phone":"987-654-3210","street":"new york street","city":"New York","state":"New York","zip_code":"10000"},"5":{"user_id":6,"fname":"Tom","lname":"Riddle","email":"tr@sjsu.edu","pwd":"sha1$3249f52e$1$73939dba22ad328f9df39703ab76789b1c70ce73","gender":"Male","birthday":"1900-01-01T08:00:00.000Z","phone":"123-456-7890","street":"good street","city":"San Francisco","state":"California","zip_code":"90000"},"level":"info","message":"in admin ","timestamp":"2016-05-11T04:33:37.833Z"}
{"0":{"user_id":1,"fname":"Mingxiao ","lname":"Guo","email":"mg@sjsu.edu","pwd":"sha1$cbc118e8$1$9f54955a92ed7772ae9f259748a55e778979b708","gender":"Male","birthday":"1992-02-21T08:00:00.000Z","phone":"4086669999","street":"","city":"San Francisco","state":"California","zip_code":"95110"},"1":{"user_id":2,"fname":"harry","lname":"potter","email":"hp@sjsu.edu","pwd":"sha1$39829340$1$fec9ea7a2f8738dfd0610082895a204863557d59","gender":"Male","birthday":"1900-01-01T08:00:00.000Z","phone":"123-456-7890","street":"some street","city":"San Francisco","state":"California","zip_code":"95110"},"2":{"user_id":3,"fname":"Chenglong","lname":"Wei","email":"wcl@sjsu.edu","pwd":"sha1$7c2e8981$1$7b772c0971476e6f4b9717955c5101590645520b","gender":"Male","birthday":"1900-01-01T08:00:00.000Z","phone":"123-456-7890","street":"Good street","city":"San Francisco","state":"California","zip_code":"123456"},"3":{"user_id":4,"fname":"Qi","lname":"Cao","email":"cq@sjsu.edu","pwd":"sha1$b59b3dd3$1$148655813a8872775288a7cec0c4ea958ecbc417","gender":"Female","birthday":"1900-01-01T08:00:00.000Z","phone":"123-456-7890","street":"some street","city":"Seattle","state":"Washington","zip_code":"20000"},"4":{"user_id":5,"fname":"Feng","lname":"Chen","email":"cf@sjsu.edu","pwd":"sha1$3718abbe$1$4b8443a4e29aaf8f170417a0a906b2e981dbded0","gender":"Female","birthday":"1900-01-01T08:00:00.000Z","phone":"987-654-3210","street":"new york street","city":"New York","state":"New York","zip_code":"10000"},"5":{"user_id":6,"fname":"Tom","lname":"Riddle","email":"tr@sjsu.edu","pwd":"sha1$3249f52e$1$73939dba22ad328f9df39703ab76789b1c70ce73","gender":"Male","birthday":"1900-01-01T08:00:00.000Z","phone":"123-456-7890","street":"good street","city":"San Francisco","state":"California","zip_code":"90000"},"level":"info","message":"in admin ","timestamp":"2016-05-11T04:33:40.112Z"}
{"level":"info","message":"user logged out","timestamp":"2016-05-11T04:33:41.714Z"}
{"level":"info","message":"rendering index page","timestamp":"2016-05-11T04:33:41.719Z"}
{"level":"info","message":"rendering login page","timestamp":"2016-05-11T04:33:42.947Z"}
{"level":"info","message":"login process","timestamp":"2016-05-11T04:33:45.333Z"}
{"level":"info","message":"common user logged in","timestamp":"2016-05-11T04:33:45.335Z"}
{"level":"info","message":"rendering login page","timestamp":"2016-05-11T04:33:45.340Z"}
{"level":"info","message":"rendering index page","timestamp":"2016-05-11T04:33:45.344Z"}
{"level":"info","message":"rendering index page","timestamp":"2016-05-11T04:36:23.389Z"}
{"level":"info","message":"Database is connected ... ","timestamp":"2016-05-11T04:36:30.926Z"}
{"level":"info","message":"rendering index page","timestamp":"2016-05-11T04:36:32.752Z"}
{"level":"info","message":"rendering login page","timestamp":"2016-05-11T04:36:33.551Z"}
{"level":"info","message":"login process","timestamp":"2016-05-11T04:36:35.221Z"}
{"level":"info","message":"rendering login page","timestamp":"2016-05-11T04:36:35.223Z"}
{"level":"info","message":"common user logged in","timestamp":"2016-05-11T04:36:35.231Z"}
{"level":"info","message":"rendering login page","timestamp":"2016-05-11T04:36:38.528Z"}
{"level":"info","message":"rendering index page","timestamp":"2016-05-11T04:36:40.465Z"}
{"level":"info","message":"user logged out","timestamp":"2016-05-11T04:41:13.791Z"}
{"level":"info","message":"rendering index page","timestamp":"2016-05-11T04:41:13.799Z"}
{"level":"info","message":"rendering login page","timestamp":"2016-05-11T04:41:14.971Z"}
{"level":"info","message":"login process","timestamp":"2016-05-11T04:41:23.792Z"}
{"level":"info","message":"Database is connected ... ","timestamp":"2016-05-11T04:41:55.511Z"}
{"level":"info","message":"rendering index page","timestamp":"2016-05-11T04:41:58.885Z"}
{"level":"info","message":"rendering index page","timestamp":"2016-05-11T04:41:58.966Z"}
{"level":"info","message":"rendering login page","timestamp":"2016-05-11T04:42:02.177Z"}
{"level":"info","message":"login process","timestamp":"2016-05-11T04:42:07.782Z"}
{"level":"info","message":"rendering login page","timestamp":"2016-05-11T04:42:07.784Z"}
{"level":"info","message":"Database is connected ... ","timestamp":"2016-05-11T04:49:55.417Z"}
{"level":"info","message":"rendering index page","timestamp":"2016-05-11T04:49:59.441Z"}
{"level":"info","message":"rendering index page","timestamp":"2016-05-11T04:50:03.421Z"}
{"level":"info","message":"rendering login page","timestamp":"2016-05-11T04:50:04.839Z"}
{"level":"info","message":"login process","timestamp":"2016-05-11T04:50:05.966Z"}
{"level":"info","message":"rendering login page","timestamp":"2016-05-11T04:50:05.970Z"}
{"level":"info","message":"common user logged in","timestamp":"2016-05-11T04:50:05.992Z"}
{"level":"info","message":"Database is connected ... ","timestamp":"2016-05-11T04:50:44.650Z"}
{"level":"info","message":"rendering index page","timestamp":"2016-05-11T04:50:47.867Z"}
{"level":"info","message":"rendering login page","timestamp":"2016-05-11T04:50:49.269Z"}
{"level":"info","message":"login process","timestamp":"2016-05-11T04:50:52.812Z"}
{"level":"info","message":"rendering login page","timestamp":"2016-05-11T04:50:52.816Z"}
{"level":"info","message":"common user logged in","timestamp":"2016-05-11T04:50:52.828Z"}
{"level":"info","message":"rendering index page","timestamp":"2016-05-11T04:52:09.679Z"}
{"level":"info","message":"user logged out","timestamp":"2016-05-11T04:52:13.923Z"}
{"level":"info","message":"rendering index page","timestamp":"2016-05-11T04:52:13.930Z"}
{"level":"info","message":"rendering login page","timestamp":"2016-05-11T04:52:18.470Z"}
{"level":"info","message":"login process","timestamp":"2016-05-11T04:52:20.243Z"}
{"level":"info","message":"common user logged in","timestamp":"2016-05-11T04:52:20.246Z"}
{"level":"info","message":"rendering login page","timestamp":"2016-05-11T04:52:20.248Z"}
{"level":"info","message":"rendering index page","timestamp":"2016-05-11T04:52:20.255Z"}
{"level":"info","message":"rendering login page","timestamp":"2016-05-11T04:52:22.718Z"}
{"level":"info","message":"user logged out","timestamp":"2016-05-11T04:52:27.725Z"}
{"level":"info","message":"rendering index page","timestamp":"2016-05-11T04:52:27.730Z"}
{"level":"info","message":"rendering login page","timestamp":"2016-05-11T04:52:28.641Z"}
{"level":"info","message":"login process","timestamp":"2016-05-11T04:52:31.134Z"}
{"level":"info","message":"common user logged in","timestamp":"2016-05-11T04:52:31.136Z"}
{"level":"info","message":"rendering login page","timestamp":"2016-05-11T04:52:31.138Z"}
{"level":"info","message":"rendering index page","timestamp":"2016-05-11T04:52:31.145Z"}
{"level":"info","message":"rendering index page","timestamp":"2016-05-11T05:28:46.634Z"}
{"level":"info","message":"Database is connected ... ","timestamp":"2016-05-11T05:29:51.506Z"}
{"level":"info","message":"Database is connected ... ","timestamp":"2016-05-11T05:30:00.033Z"}
{"level":"info","message":"rendering index page","timestamp":"2016-05-11T05:30:30.793Z"}
{"level":"info","message":"rendering login page","timestamp":"2016-05-11T05:30:35.676Z"}
{"level":"info","message":"login process","timestamp":"2016-05-11T05:30:36.622Z"}
{"level":"info","message":"rendering login page","timestamp":"2016-05-11T05:30:36.626Z"}
{"level":"info","message":"common user logged in","timestamp":"2016-05-11T05:30:36.636Z"}
{"level":"info","message":"rendering index page","timestamp":"2016-05-11T05:31:16.042Z"}
{"level":"info","message":"user logged out","timestamp":"2016-05-11T05:31:19.108Z"}
{"level":"info","message":"rendering index page","timestamp":"2016-05-11T05:31:19.115Z"}
{"level":"info","message":"rendering login page","timestamp":"2016-05-11T05:31:19.834Z"}
{"level":"info","message":"login process","timestamp":"2016-05-11T05:31:20.787Z"}
{"level":"info","message":"common user logged in","timestamp":"2016-05-11T05:31:20.790Z"}
{"level":"info","message":"rendering login page","timestamp":"2016-05-11T05:31:20.792Z"}
{"level":"info","message":"rendering index page","timestamp":"2016-05-11T05:31:20.798Z"}
{"level":"info","message":"Database is connected ... ","timestamp":"2016-05-11T05:41:15.076Z"}
{"level":"info","message":"rendering index page","timestamp":"2016-05-11T05:41:17.087Z"}
{"level":"info","message":"rendering login page","timestamp":"2016-05-11T05:41:23.227Z"}
{"level":"info","message":"login process","timestamp":"2016-05-11T05:41:24.550Z"}
{"level":"info","message":"rendering login page","timestamp":"2016-05-11T05:41:24.554Z"}
{"level":"info","message":"common user logged in","timestamp":"2016-05-11T05:41:24.566Z"}
{"level":"info","message":"rendering login page","timestamp":"2016-05-11T05:41:30.999Z"}
{"level":"info","message":"Database is connected ... ","timestamp":"2016-05-11T05:42:58.791Z"}
{"level":"info","message":"rendering index page","timestamp":"2016-05-11T05:43:00.863Z"}
{"level":"info","message":"rendering index page","timestamp":"2016-05-11T05:43:00.972Z"}
{"level":"info","message":"rendering login page","timestamp":"2016-05-11T05:43:02.285Z"}
{"level":"info","message":"login process","timestamp":"2016-05-11T05:43:03.210Z"}
{"level":"info","message":"rendering login page","timestamp":"2016-05-11T05:43:03.211Z"}
{"level":"info","message":"common user logged in","timestamp":"2016-05-11T05:43:03.218Z"}
{"level":"info","message":"rendering index page","timestamp":"2016-05-11T05:43:20.291Z"}
{"level":"info","message":"user logged out","timestamp":"2016-05-11T05:43:23.425Z"}
{"level":"info","message":"rendering index page","timestamp":"2016-05-11T05:43:23.432Z"}
{"level":"info","message":"rendering login page","timestamp":"2016-05-11T05:43:24.245Z"}
{"level":"info","message":"login process","timestamp":"2016-05-11T05:43:25.315Z"}
{"level":"info","message":"common user logged in","timestamp":"2016-05-11T05:43:25.317Z"}
{"level":"info","message":"rendering login page","timestamp":"2016-05-11T05:43:25.319Z"}
{"level":"info","message":"rendering index page","timestamp":"2016-05-11T05:43:25.326Z"}
{"level":"info","message":"Database is connected ... ","timestamp":"2016-05-11T05:43:58.584Z"}
{"level":"info","message":"rendering login page","timestamp":"2016-05-11T05:47:13.202Z"}
{"level":"info","message":"login process","timestamp":"2016-05-11T05:47:15.919Z"}
{"level":"info","message":"rendering login page","timestamp":"2016-05-11T05:47:15.922Z"}
{"level":"info","message":"common user logged in","timestamp":"2016-05-11T05:47:15.931Z"}
{"level":"info","message":"Database is connected ... ","timestamp":"2016-05-11T05:47:35.592Z"}
{"level":"info","message":"Database is connected ... ","timestamp":"2016-05-11T05:48:04.665Z"}
{"level":"info","message":"rendering index page","timestamp":"2016-05-11T05:48:12.086Z"}
{"level":"info","message":"rendering index page","timestamp":"2016-05-11T05:48:12.147Z"}
{"level":"info","message":"rendering login page","timestamp":"2016-05-11T05:48:13.599Z"}
{"level":"info","message":"login process","timestamp":"2016-05-11T05:48:17.662Z"}
{"level":"info","message":"rendering login page","timestamp":"2016-05-11T05:48:17.664Z"}
{"level":"info","message":"common user logged in","timestamp":"2016-05-11T05:48:17.674Z"}
{"level":"info","message":"Database is connected ... ","timestamp":"2016-05-11T05:48:53.848Z"}
{"level":"info","message":"Database is connected ... ","timestamp":"2016-05-11T05:48:55.958Z"}
{"level":"info","message":"rendering index page","timestamp":"2016-05-11T05:49:01.439Z"}
{"level":"info","message":"rendering index page","timestamp":"2016-05-11T05:49:01.503Z"}
{"level":"info","message":"rendering login page","timestamp":"2016-05-11T05:49:02.823Z"}
{"level":"info","message":"login process","timestamp":"2016-05-11T05:49:08.176Z"}
{"level":"info","message":"rendering login page","timestamp":"2016-05-11T05:49:08.179Z"}
{"level":"info","message":"Database is connected ... ","timestamp":"2016-05-11T05:50:00.866Z"}
{"level":"info","message":"rendering index page","timestamp":"2016-05-11T05:50:07.774Z"}
{"level":"info","message":"rendering index page","timestamp":"2016-05-11T05:50:07.825Z"}
{"level":"info","message":"rendering login page","timestamp":"2016-05-11T05:50:09.086Z"}
{"level":"info","message":"login process","timestamp":"2016-05-11T05:50:09.956Z"}
{"level":"info","message":"rendering login page","timestamp":"2016-05-11T05:50:09.958Z"}
{"level":"info","message":"rendering index page","timestamp":"2016-05-11T05:50:57.809Z"}
{"level":"info","message":"Database is connected ... ","timestamp":"2016-05-11T05:51:04.423Z"}
{"level":"info","message":"Database is connected ... ","timestamp":"2016-05-11T05:51:10.936Z"}
{"level":"info","message":"rendering login page","timestamp":"2016-05-11T05:51:12.958Z"}
{"level":"info","message":"rendering index page","timestamp":"2016-05-11T05:51:15.621Z"}
{"level":"info","message":"rendering index page","timestamp":"2016-05-11T05:51:15.728Z"}
{"level":"info","message":"rendering login page","timestamp":"2016-05-11T05:51:16.946Z"}
{"level":"info","message":"login process","timestamp":"2016-05-11T05:51:19.454Z"}
{"level":"info","message":"rendering login page","timestamp":"2016-05-11T05:51:19.456Z"}
{"level":"info","message":"rendering login page","timestamp":"2016-05-11T05:51:42.936Z"}
{"level":"info","message":"login process","timestamp":"2016-05-11T05:51:45.934Z"}
{"level":"info","message":"rendering index page","timestamp":"2016-05-11T05:51:45.943Z"}
{"level":"info","message":"user logged out","timestamp":"2016-05-11T05:51:49.818Z"}
{"level":"info","message":"rendering index page","timestamp":"2016-05-11T05:51:49.827Z"}
{"level":"info","message":"rendering login page","timestamp":"2016-05-11T05:51:50.550Z"}
{"level":"info","message":"login process","timestamp":"2016-05-11T05:51:53.283Z"}
{"level":"info","message":"rendering index page","timestamp":"2016-05-11T05:51:53.290Z"}
{"level":"info","message":"rendering index page","timestamp":"2016-05-11T05:54:01.874Z"}
{"level":"info","message":"Database is connected ... ","timestamp":"2016-05-11T06:09:43.238Z"}
{"level":"info","message":"Database is connected ... ","timestamp":"2016-05-11T16:40:36.528Z"}
{"level":"info","message":"rendering index page","timestamp":"2016-05-11T16:40:38.529Z"}
{"level":"info","message":"rendering login page","timestamp":"2016-05-11T16:40:42.760Z"}
{"level":"info","message":"login process","timestamp":"2016-05-11T16:40:43.798Z"}
{"level":"info","message":"rendering index page","timestamp":"2016-05-11T16:40:43.833Z"}
{"level":"info","message":"Database is connected ... ","timestamp":"2016-05-11T17:55:21.535Z"}
{"level":"info","message":"rendering login page","timestamp":"2016-05-11T17:55:22.819Z"}
{"level":"info","message":"login process","timestamp":"2016-05-11T17:55:24.961Z"}
{"level":"info","message":"rendering index page","timestamp":"2016-05-11T17:55:24.981Z"}
{"level":"info","message":"Database is connected ... ","timestamp":"2016-05-11T17:56:15.104Z"}
{"level":"info","message":"Database is connected ... ","timestamp":"2016-05-11T17:56:26.260Z"}
{"level":"info","message":"rendering login page","timestamp":"2016-05-11T17:56:28.149Z"}
{"level":"info","message":"login process","timestamp":"2016-05-11T17:56:29.187Z"}
{"level":"info","message":"rendering index page","timestamp":"2016-05-11T17:56:29.207Z"}
{"level":"info","message":"Database is connected ... ","timestamp":"2016-05-11T17:58:07.535Z"}
{"level":"info","message":"Database is connected ... ","timestamp":"2016-05-11T17:59:32.207Z"}
{"level":"info","message":"Database is connected ... ","timestamp":"2016-05-11T18:00:15.896Z"}
{"level":"info","message":"rendering login page","timestamp":"2016-05-11T18:00:17.382Z"}
{"level":"info","message":"login process","timestamp":"2016-05-11T18:00:18.894Z"}
{"level":"info","message":"rendering index page","timestamp":"2016-05-11T18:00:18.916Z"}
{"level":"info","message":"Database is connected ... ","timestamp":"2016-05-11T18:02:16.260Z"}
{"level":"info","message":"rendering login page","timestamp":"2016-05-11T18:02:18.731Z"}
{"level":"info","message":"login process","timestamp":"2016-05-11T18:02:21.066Z"}
{"level":"info","message":"rendering index page","timestamp":"2016-05-11T18:02:21.076Z"}
{"level":"info","message":"Database is connected ... ","timestamp":"2016-05-11T18:32:14.206Z"}
{"level":"info","message":"Database is connected ... ","timestamp":"2016-05-11T18:32:59.582Z"}
{"level":"info","message":"Database is connected ... ","timestamp":"2016-05-11T18:33:03.407Z"}
{"level":"info","message":"Database is connected ... ","timestamp":"2016-05-11T18:34:55.542Z"}
{"message":"getaddrinfo ENOENT localhost:3306","stack":"Error: getaddrinfo ENOENT localhost:3306\n    at Object.exports._errnoException (util.js:890:11)\n    at errnoException (dns.js:31:15)\n    at GetAddrInfoReqWrap.onlookup [as oncomplete] (dns.js:77:26)\n    --------------------\n    at Protocol._enqueue (C:\\Users\\Mingxiao\\Documents\\GitHub\\CMPE226_TEAM1_SOURCES\\WantYou\\node_modules\\mysql\\lib\\protocol\\Protocol.js:141:48)\n    at Protocol.handshake (C:\\Users\\Mingxiao\\Documents\\GitHub\\CMPE226_TEAM1_SOURCES\\WantYou\\node_modules\\mysql\\lib\\protocol\\Protocol.js:52:41)\n    at PoolConnection.connect (C:\\Users\\Mingxiao\\Documents\\GitHub\\CMPE226_TEAM1_SOURCES\\WantYou\\node_modules\\mysql\\lib\\Connection.js:123:18)\n    at Pool.getConnection (C:\\Users\\Mingxiao\\Documents\\GitHub\\CMPE226_TEAM1_SOURCES\\WantYou\\node_modules\\mysql\\lib\\Pool.js:45:23)\n    at Object.<anonymous> (C:\\Users\\Mingxiao\\Documents\\GitHub\\CMPE226_TEAM1_SOURCES\\WantYou\\index.js:38:6)\n    at Module._compile (module.js:413:34)\n    at Object.Module._extensions..js (module.js:422:10)\n    at Module.load (module.js:357:32)\n    at Function.Module._load (module.js:314:12)\n    at Function.Module.runMain (module.js:447:10)\n    at startup (node.js:146:18)\n    at node.js:404:3","code":"ENOENT","errno":"ENOENT","syscall":"getaddrinfo","hostname":"localhost","host":"localhost","port":3306,"fatal":true,"level":"warn","timestamp":"2016-05-12T16:19:12.729Z"}
{"level":"warn","message":"Error connecting database ... ","timestamp":"2016-05-12T16:19:12.730Z"}
{"message":"getaddrinfo ENOENT localhost:3306","stack":"Error: getaddrinfo ENOENT localhost:3306\n    at Object.exports._errnoException (util.js:890:11)\n    at errnoException (dns.js:31:15)\n    at GetAddrInfoReqWrap.onlookup [as oncomplete] (dns.js:77:26)\n    --------------------\n    at Protocol._enqueue (C:\\Users\\Mingxiao\\Documents\\GitHub\\CMPE226_TEAM1_SOURCES\\WantYou\\node_modules\\mysql\\lib\\protocol\\Protocol.js:141:48)\n    at Protocol.handshake (C:\\Users\\Mingxiao\\Documents\\GitHub\\CMPE226_TEAM1_SOURCES\\WantYou\\node_modules\\mysql\\lib\\protocol\\Protocol.js:52:41)\n    at PoolConnection.connect (C:\\Users\\Mingxiao\\Documents\\GitHub\\CMPE226_TEAM1_SOURCES\\WantYou\\node_modules\\mysql\\lib\\Connection.js:123:18)\n    at Pool.getConnection (C:\\Users\\Mingxiao\\Documents\\GitHub\\CMPE226_TEAM1_SOURCES\\WantYou\\node_modules\\mysql\\lib\\Pool.js:45:23)\n    at Object.<anonymous> (C:\\Users\\Mingxiao\\Documents\\GitHub\\CMPE226_TEAM1_SOURCES\\WantYou\\index.js:38:6)\n    at Module._compile (module.js:413:34)\n    at Object.Module._extensions..js (module.js:422:10)\n    at Module.load (module.js:357:32)\n    at Function.Module._load (module.js:314:12)\n    at Function.Module.runMain (module.js:447:10)\n    at startup (node.js:146:18)\n    at node.js:404:3","code":"ENOENT","errno":"ENOENT","syscall":"getaddrinfo","hostname":"localhost","host":"localhost","port":3306,"fatal":true,"level":"warn","timestamp":"2016-05-12T16:22:43.778Z"}
{"level":"warn","message":"Error connecting database ... ","timestamp":"2016-05-12T16:22:43.779Z"}
{"message":"getaddrinfo ENOENT localhost:3306","stack":"Error: getaddrinfo ENOENT localhost:3306\n    at Object.exports._errnoException (util.js:890:11)\n    at errnoException (dns.js:31:15)\n    at GetAddrInfoReqWrap.onlookup [as oncomplete] (dns.js:77:26)\n    --------------------\n    at Protocol._enqueue (C:\\Users\\Mingxiao\\Documents\\GitHub\\CMPE226_TEAM1_SOURCES\\WantYou\\node_modules\\mysql\\lib\\protocol\\Protocol.js:141:48)\n    at Protocol.handshake (C:\\Users\\Mingxiao\\Documents\\GitHub\\CMPE226_TEAM1_SOURCES\\WantYou\\node_modules\\mysql\\lib\\protocol\\Protocol.js:52:41)\n    at PoolConnection.connect (C:\\Users\\Mingxiao\\Documents\\GitHub\\CMPE226_TEAM1_SOURCES\\WantYou\\node_modules\\mysql\\lib\\Connection.js:123:18)\n    at Pool.getConnection (C:\\Users\\Mingxiao\\Documents\\GitHub\\CMPE226_TEAM1_SOURCES\\WantYou\\node_modules\\mysql\\lib\\Pool.js:45:23)\n    at Object.<anonymous> (C:\\Users\\Mingxiao\\Documents\\GitHub\\CMPE226_TEAM1_SOURCES\\WantYou\\index.js:38:6)\n    at Module._compile (module.js:413:34)\n    at Object.Module._extensions..js (module.js:422:10)\n    at Module.load (module.js:357:32)\n    at Function.Module._load (module.js:314:12)\n    at Function.Module.runMain (module.js:447:10)\n    at startup (node.js:146:18)\n    at node.js:404:3","code":"ENOENT","errno":"ENOENT","syscall":"getaddrinfo","hostname":"localhost","host":"localhost","port":3306,"fatal":true,"level":"warn","timestamp":"2016-05-12T16:23:04.889Z"}
{"level":"warn","message":"Error connecting database ... ","timestamp":"2016-05-12T16:23:04.890Z"}
{"message":"getaddrinfo ENOENT localhost:3306","stack":"Error: getaddrinfo ENOENT localhost:3306\n    at Object.exports._errnoException (util.js:890:11)\n    at errnoException (dns.js:31:15)\n    at GetAddrInfoReqWrap.onlookup [as oncomplete] (dns.js:77:26)\n    --------------------\n    at Protocol._enqueue (C:\\Users\\Mingxiao\\Documents\\GitHub\\CMPE226_TEAM1_SOURCES\\WantYou\\node_modules\\mysql\\lib\\protocol\\Protocol.js:141:48)\n    at Protocol.handshake (C:\\Users\\Mingxiao\\Documents\\GitHub\\CMPE226_TEAM1_SOURCES\\WantYou\\node_modules\\mysql\\lib\\protocol\\Protocol.js:52:41)\n    at PoolConnection.connect (C:\\Users\\Mingxiao\\Documents\\GitHub\\CMPE226_TEAM1_SOURCES\\WantYou\\node_modules\\mysql\\lib\\Connection.js:123:18)\n    at Pool.getConnection (C:\\Users\\Mingxiao\\Documents\\GitHub\\CMPE226_TEAM1_SOURCES\\WantYou\\node_modules\\mysql\\lib\\Pool.js:45:23)\n    at Object.<anonymous> (C:\\Users\\Mingxiao\\Documents\\GitHub\\CMPE226_TEAM1_SOURCES\\WantYou\\index.js:38:6)\n    at Module._compile (module.js:413:34)\n    at Object.Module._extensions..js (module.js:422:10)\n    at Module.load (module.js:357:32)\n    at Function.Module._load (module.js:314:12)\n    at Function.Module.runMain (module.js:447:10)\n    at startup (node.js:146:18)\n    at node.js:404:3","code":"ENOENT","errno":"ENOENT","syscall":"getaddrinfo","hostname":"localhost","host":"localhost","port":3306,"fatal":true,"level":"warn","timestamp":"2016-05-12T16:23:43.053Z"}
{"level":"warn","message":"Error connecting database ... ","timestamp":"2016-05-12T16:23:43.054Z"}
{"message":"getaddrinfo ENOENT localhost:3306","stack":"Error: getaddrinfo ENOENT localhost:3306\n    at Object.exports._errnoException (util.js:890:11)\n    at errnoException (dns.js:31:15)\n    at GetAddrInfoReqWrap.onlookup [as oncomplete] (dns.js:77:26)\n    --------------------\n    at Protocol._enqueue (C:\\Users\\Mingxiao\\Documents\\GitHub\\CMPE226_TEAM1_SOURCES\\WantYou\\node_modules\\mysql\\lib\\protocol\\Protocol.js:141:48)\n    at Protocol.handshake (C:\\Users\\Mingxiao\\Documents\\GitHub\\CMPE226_TEAM1_SOURCES\\WantYou\\node_modules\\mysql\\lib\\protocol\\Protocol.js:52:41)\n    at PoolConnection.connect (C:\\Users\\Mingxiao\\Documents\\GitHub\\CMPE226_TEAM1_SOURCES\\WantYou\\node_modules\\mysql\\lib\\Connection.js:123:18)\n    at Pool.getConnection (C:\\Users\\Mingxiao\\Documents\\GitHub\\CMPE226_TEAM1_SOURCES\\WantYou\\node_modules\\mysql\\lib\\Pool.js:45:23)\n    at Object.<anonymous> (C:\\Users\\Mingxiao\\Documents\\GitHub\\CMPE226_TEAM1_SOURCES\\WantYou\\index.js:38:6)\n    at Module._compile (module.js:413:34)\n    at Object.Module._extensions..js (module.js:422:10)\n    at Module.load (module.js:357:32)\n    at Function.Module._load (module.js:314:12)\n    at Function.Module.runMain (module.js:447:10)\n    at startup (node.js:146:18)\n    at node.js:404:3","code":"ENOENT","errno":"ENOENT","syscall":"getaddrinfo","hostname":"localhost","host":"localhost","port":3306,"fatal":true,"level":"warn","timestamp":"2016-05-12T16:39:42.457Z"}
{"level":"warn","message":"Error connecting database ... ","timestamp":"2016-05-12T16:39:42.459Z"}
{"level":"info","message":"Database is connected ... ","timestamp":"2016-05-12T17:55:29.937Z"}
{"level":"info","message":"Database is connected ... ","timestamp":"2016-05-12T18:10:06.552Z"}
{"level":"info","message":"Database is connected ... ","timestamp":"2016-05-12T18:16:39.615Z"}
{"level":"info","message":"Database is connected ... ","timestamp":"2016-05-12T18:18:48.328Z"}
{"level":"info","message":"Database is connected ... ","timestamp":"2016-05-12T18:19:39.116Z"}
{"level":"info","message":"rendering index page","timestamp":"2016-05-12T18:20:06.378Z"}
{"level":"info","message":"rendering login page","timestamp":"2016-05-12T18:20:38.134Z"}
{"level":"info","message":"login process","timestamp":"2016-05-12T18:20:39.213Z"}
{"level":"info","message":"rendering index page","timestamp":"2016-05-12T18:20:39.226Z"}
{"level":"info","message":"rendering index page","timestamp":"2016-05-12T18:21:12.102Z"}
{"level":"info","message":"Database is connected ... ","timestamp":"2016-05-12T18:24:26.016Z"}
{"level":"info","message":"Database is connected ... ","timestamp":"2016-05-12T18:24:38.337Z"}
{"level":"info","message":"Database is connected ... ","timestamp":"2016-05-12T18:25:14.713Z"}
{"level":"info","message":"rendering index page","timestamp":"2016-05-12T18:25:15.153Z"}
{"level":"info","message":"Database is connected ... ","timestamp":"2016-05-12T18:25:56.778Z"}
{"level":"info","message":"rendering index page","timestamp":"2016-05-12T18:26:01.789Z"}
{"level":"info","message":"Database is connected ... ","timestamp":"2016-05-12T18:36:01.083Z"}
{"level":"info","message":"rendering index page","timestamp":"2016-05-12T18:36:08.155Z"}
{"level":"info","message":"Database is connected ... ","timestamp":"2016-05-12T18:36:55.889Z"}
{"level":"info","message":"rendering login page","timestamp":"2016-05-12T18:38:46.473Z"}
{"level":"info","message":"login process","timestamp":"2016-05-12T18:38:47.236Z"}
{"level":"info","message":"rendering index page","timestamp":"2016-05-12T18:38:47.244Z"}
{"level":"info","message":"Database is connected ... ","timestamp":"2016-05-12T18:41:21.439Z"}
{"level":"info","message":"Database is connected ... ","timestamp":"2016-05-12T18:41:22.550Z"}
{"level":"info","message":"Database is connected ... ","timestamp":"2016-05-12T18:42:04.601Z"}
{"level":"info","message":"Database is connected ... ","timestamp":"2016-05-12T18:47:01.437Z"}
{"level":"info","message":"Database is connected ... ","timestamp":"2016-05-12T18:47:03.061Z"}
{"level":"info","message":"Database is connected ... ","timestamp":"2016-05-12T18:47:33.409Z"}
{"level":"info","message":"Database is connected ... ","timestamp":"2016-05-12T18:47:45.511Z"}
{"level":"info","message":"Database is connected ... ","timestamp":"2016-05-12T18:47:52.465Z"}
{"level":"info","message":"Database is connected ... ","timestamp":"2016-05-12T18:48:17.396Z"}
{"level":"info","message":"Database is connected ... ","timestamp":"2016-05-12T18:48:19.766Z"}
{"level":"info","message":"Database is connected ... ","timestamp":"2016-05-12T18:49:36.275Z"}
{"level":"info","message":"Database is connected ... ","timestamp":"2016-05-12T18:49:39.831Z"}
{"level":"info","message":"Database is connected ... ","timestamp":"2016-05-12T18:49:51.952Z"}
{"level":"info","message":"rendering index page","timestamp":"2016-05-12T18:50:04.146Z"}
{"level":"info","message":"rendering login page","timestamp":"2016-05-12T18:50:06.458Z"}
{"level":"info","message":"login process","timestamp":"2016-05-12T18:50:07.644Z"}
{"level":"info","message":"rendering index page","timestamp":"2016-05-12T18:50:07.659Z"}
{"level":"info","message":"Database is connected ... ","timestamp":"2016-05-12T18:51:05.098Z"}
{"level":"info","message":"Database is connected ... ","timestamp":"2016-05-12T18:51:09.920Z"}
{"level":"info","message":"rendering index page","timestamp":"2016-05-12T18:51:16.412Z"}
{"level":"info","message":"rendering login page","timestamp":"2016-05-12T18:51:17.595Z"}
{"level":"info","message":"login process","timestamp":"2016-05-12T18:51:18.573Z"}
{"level":"info","message":"rendering index page","timestamp":"2016-05-12T18:51:18.584Z"}
{"level":"info","message":"Database is connected ... ","timestamp":"2016-05-12T18:51:45.737Z"}
{"level":"info","message":"rendering index page","timestamp":"2016-05-12T18:51:49.477Z"}
{"level":"info","message":"rendering login page","timestamp":"2016-05-12T18:51:50.487Z"}
{"level":"info","message":"login process","timestamp":"2016-05-12T18:51:51.248Z"}
{"level":"info","message":"rendering index page","timestamp":"2016-05-12T18:51:51.262Z"}
{"level":"info","message":"Database is connected ... ","timestamp":"2016-05-12T18:54:33.983Z"}
{"level":"info","message":"Database is connected ... ","timestamp":"2016-05-12T18:55:50.311Z"}
{"level":"info","message":"Database is connected ... ","timestamp":"2016-05-12T18:55:56.613Z"}
{"level":"info","message":"rendering index page","timestamp":"2016-05-12T18:55:59.110Z"}
{"level":"info","message":"rendering login page","timestamp":"2016-05-12T18:56:01.082Z"}
{"level":"info","message":"login process","timestamp":"2016-05-12T18:56:01.951Z"}
{"level":"info","message":"rendering index page","timestamp":"2016-05-12T18:56:01.966Z"}
{"level":"info","message":"Database is connected ... ","timestamp":"2016-05-12T18:59:00.096Z"}
{"level":"info","message":"rendering index page","timestamp":"2016-05-12T18:59:02.905Z"}
{"level":"info","message":"rendering login page","timestamp":"2016-05-12T18:59:04.592Z"}
{"level":"info","message":"login process","timestamp":"2016-05-12T18:59:05.514Z"}
{"level":"info","message":"rendering index page","timestamp":"2016-05-12T18:59:05.530Z"}
{"level":"info","message":"rendering index page","timestamp":"2016-05-12T18:59:22.177Z"}
{"level":"info","message":"Database is connected ... ","timestamp":"2016-05-12T19:03:35.222Z"}
{"level":"info","message":"Database is connected ... ","timestamp":"2016-05-12T19:03:36.347Z"}
{"level":"info","message":"Database is connected ... ","timestamp":"2016-05-12T19:04:27.776Z"}
{"level":"info","message":"Database is connected ... ","timestamp":"2016-05-12T19:05:01.733Z"}
{"level":"info","message":"Database is connected ... ","timestamp":"2016-05-12T19:05:27.246Z"}
{"level":"info","message":"Database is connected ... ","timestamp":"2016-05-12T19:05:29.293Z"}
{"level":"info","message":"Database is connected ... ","timestamp":"2016-05-12T19:06:00.548Z"}
{"level":"info","message":"rendering login page","timestamp":"2016-05-12T19:17:54.291Z"}
{"level":"info","message":"login process","timestamp":"2016-05-12T19:17:55.349Z"}
{"level":"info","message":"rendering index page","timestamp":"2016-05-12T19:17:55.356Z"}
{"level":"info","message":"rendering index page","timestamp":"2016-05-12T19:29:05.100Z"}
{"level":"info","message":"Database is connected ... ","timestamp":"2016-05-12T19:29:35.825Z"}
{"level":"info","message":"Database is connected ... ","timestamp":"2016-05-12T19:29:41.492Z"}
{"level":"info","message":"rendering index page","timestamp":"2016-05-12T19:29:44.739Z"}
{"level":"info","message":"rendering login page","timestamp":"2016-05-12T19:29:46.119Z"}
{"level":"info","message":"login process","timestamp":"2016-05-12T19:29:47.089Z"}
{"level":"info","message":"rendering index page","timestamp":"2016-05-12T19:29:47.102Z"}
{"level":"info","message":"Database is connected ... ","timestamp":"2016-05-12T19:30:56.565Z"}
{"level":"info","message":"rendering index page","timestamp":"2016-05-12T19:31:00.931Z"}
{"level":"info","message":"rendering login page","timestamp":"2016-05-12T19:31:01.913Z"}
{"level":"info","message":"login process","timestamp":"2016-05-12T19:31:02.651Z"}
{"level":"info","message":"rendering index page","timestamp":"2016-05-12T19:31:02.664Z"}
{"level":"info","message":"Database is connected ... ","timestamp":"2016-05-12T19:33:47.308Z"}
{"level":"info","message":"rendering login page","timestamp":"2016-05-12T19:34:09.608Z"}
{"level":"info","message":"login process","timestamp":"2016-05-12T19:34:10.519Z"}
{"level":"info","message":"rendering index page","timestamp":"2016-05-12T19:34:10.528Z"}
{"level":"info","message":"Database is connected ... ","timestamp":"2016-05-12T19:34:26.822Z"}
{"level":"info","message":"rendering index page","timestamp":"2016-05-12T19:34:29.021Z"}
{"level":"info","message":"rendering index page","timestamp":"2016-05-12T19:34:29.075Z"}
{"level":"info","message":"rendering login page","timestamp":"2016-05-12T19:34:30.129Z"}
{"level":"info","message":"login process","timestamp":"2016-05-12T19:34:30.934Z"}
{"level":"info","message":"rendering index page","timestamp":"2016-05-12T19:34:30.948Z"}
{"level":"info","message":"Database is connected ... ","timestamp":"2016-05-12T19:35:00.694Z"}
{"level":"info","message":"Database is connected ... ","timestamp":"2016-05-12T19:35:13.627Z"}
{"level":"info","message":"Database is connected ... ","timestamp":"2016-05-12T19:36:07.391Z"}
{"level":"info","message":"Database is connected ... ","timestamp":"2016-05-12T19:36:44.847Z"}
{"level":"info","message":"Database is connected ... ","timestamp":"2016-05-12T19:36:59.721Z"}
{"level":"info","message":"rendering index page","timestamp":"2016-05-12T19:37:05.839Z"}
{"level":"info","message":"rendering index page","timestamp":"2016-05-12T19:37:05.865Z"}
{"level":"info","message":"rendering login page","timestamp":"2016-05-12T19:37:06.936Z"}
{"level":"info","message":"login process","timestamp":"2016-05-12T19:37:07.628Z"}
{"level":"info","message":"rendering index page","timestamp":"2016-05-12T19:37:07.643Z"}
{"level":"info","message":"user logged out","timestamp":"2016-05-12T20:10:12.623Z"}
{"level":"info","message":"rendering index page","timestamp":"2016-05-12T20:10:12.633Z"}
{"level":"info","message":"rendering login page","timestamp":"2016-05-12T20:10:17.525Z"}
{"level":"info","message":"login process","timestamp":"2016-05-12T20:10:18.560Z"}
{"level":"info","message":"rendering index page","timestamp":"2016-05-12T20:10:18.566Z"}
{"level":"info","message":"rendering index page","timestamp":"2016-05-12T20:11:32.605Z"}
{"level":"info","message":"Database is connected ... ","timestamp":"2016-05-12T20:14:27.941Z"}
{"level":"info","message":"rendering index page","timestamp":"2016-05-12T20:15:02.155Z"}
{"level":"info","message":"rendering login page","timestamp":"2016-05-12T20:15:29.609Z"}
{"level":"info","message":"rendering login page","timestamp":"2016-05-12T20:16:01.009Z"}
{"level":"info","message":"login process","timestamp":"2016-05-12T20:16:01.902Z"}
{"level":"info","message":"rendering index page","timestamp":"2016-05-12T20:16:01.910Z"}
{"level":"info","message":"rendering login page","timestamp":"2016-05-12T20:16:04.561Z"}
{"level":"info","message":"Database is connected ... ","timestamp":"2016-05-12T20:32:14.547Z"}
{"level":"info","message":"rendering index page","timestamp":"2016-05-12T20:32:14.858Z"}
{"level":"info","message":"rendering login page","timestamp":"2016-05-12T20:36:45.047Z"}
{"level":"info","message":"login process","timestamp":"2016-05-12T20:36:49.394Z"}
{"level":"info","message":"admin logged in","timestamp":"2016-05-12T20:36:49.395Z"}
{"0":{"user_id":1,"fname":"Mingxiao ","lname":"Guo","email":"mg@sjsu.edu","pwd":"sha1$cbc118e8$1$9f54955a92ed7772ae9f259748a55e778979b708","gender":"Male","birthday":"1992-02-21T08:00:00.000Z","phone":"4086669999","street":"","city":"San Francisco","state":"California","zip_code":"95110"},"1":{"user_id":2,"fname":"harry","lname":"potter","email":"hp@sjsu.edu","pwd":"sha1$39829340$1$fec9ea7a2f8738dfd0610082895a204863557d59","gender":"Male","birthday":"1900-01-01T08:00:00.000Z","phone":"123-456-7890","street":"some street","city":"San Francisco","state":"California","zip_code":"95110"},"2":{"user_id":3,"fname":"Chenglong","lname":"Wei","email":"wcl@sjsu.edu","pwd":"sha1$7c2e8981$1$7b772c0971476e6f4b9717955c5101590645520b","gender":"Male","birthday":"1900-01-01T08:00:00.000Z","phone":"123-456-7890","street":"Good street","city":"San Francisco","state":"California","zip_code":"123456"},"3":{"user_id":4,"fname":"Qi","lname":"Cao","email":"cq@sjsu.edu","pwd":"sha1$b59b3dd3$1$148655813a8872775288a7cec0c4ea958ecbc417","gender":"Female","birthday":"1900-01-01T08:00:00.000Z","phone":"123-456-7890","street":"some street","city":"Seattle","state":"Washington","zip_code":"20000"},"4":{"user_id":5,"fname":"Feng","lname":"Chen","email":"cf@sjsu.edu","pwd":"sha1$3718abbe$1$4b8443a4e29aaf8f170417a0a906b2e981dbded0","gender":"Female","birthday":"1900-01-01T08:00:00.000Z","phone":"987-654-3210","street":"new york street","city":"New York","state":"New York","zip_code":"10000"},"5":{"user_id":6,"fname":"Tom","lname":"Riddle","email":"tr@sjsu.edu","pwd":"sha1$3249f52e$1$73939dba22ad328f9df39703ab76789b1c70ce73","gender":"Male","birthday":"1900-01-01T08:00:00.000Z","phone":"123-456-7890","street":"good street","city":"San Francisco","state":"California","zip_code":"90000"},"level":"info","message":"in admin ","timestamp":"2016-05-12T20:36:49.415Z"}
{"level":"info","message":"user logged out","timestamp":"2016-05-12T20:37:11.238Z"}
{"level":"info","message":"rendering index page","timestamp":"2016-05-12T20:37:11.246Z"}
{"level":"info","message":"rendering login page","timestamp":"2016-05-12T20:38:07.639Z"}
{"level":"info","message":"login process","timestamp":"2016-05-12T20:38:10.831Z"}
{"level":"info","message":"rendering index page","timestamp":"2016-05-12T20:38:10.839Z"}
{"level":"info","message":"user logged out","timestamp":"2016-05-12T20:41:31.943Z"}
{"level":"info","message":"rendering index page","timestamp":"2016-05-12T20:41:31.947Z"}
{"level":"info","message":"rendering login page","timestamp":"2016-05-12T20:42:25.228Z"}
{"level":"info","message":"login process","timestamp":"2016-05-12T20:42:26.358Z"}
{"level":"info","message":"rendering index page","timestamp":"2016-05-12T20:42:26.367Z"}
{"level":"info","message":"rendering index page","timestamp":"2016-05-12T20:44:32.685Z"}
{"level":"info","message":"user logged out","timestamp":"2016-05-12T20:44:34.577Z"}
{"level":"info","message":"rendering index page","timestamp":"2016-05-12T20:44:34.582Z"}
{"level":"info","message":"rendering login page","timestamp":"2016-05-12T20:44:35.526Z"}
{"level":"info","message":"login process","timestamp":"2016-05-12T20:44:38.069Z"}
{"level":"info","message":"rendering index page","timestamp":"2016-05-12T20:44:38.076Z"}
{"level":"info","message":"Database is connected ... ","timestamp":"2016-05-12T20:45:32.094Z"}
{"level":"info","message":"Database is connected ... ","timestamp":"2016-05-12T20:45:36.668Z"}
{"level":"info","message":"Database is connected ... ","timestamp":"2016-05-12T20:45:42.556Z"}
{"level":"info","message":"rendering index page","timestamp":"2016-05-12T20:45:45.277Z"}
{"level":"info","message":"rendering login page","timestamp":"2016-05-12T20:45:46.847Z"}
{"level":"info","message":"login process","timestamp":"2016-05-12T20:45:47.826Z"}
{"level":"info","message":"rendering index page","timestamp":"2016-05-12T20:45:47.840Z"}
{"level":"info","message":"Database is connected ... ","timestamp":"2016-05-12T20:46:11.644Z"}
{"level":"info","message":"Database is connected ... ","timestamp":"2016-05-12T20:46:16.226Z"}
{"level":"info","message":"rendering index page","timestamp":"2016-05-12T20:46:17.459Z"}
{"level":"info","message":"rendering login page","timestamp":"2016-05-12T20:46:18.581Z"}
{"level":"info","message":"login process","timestamp":"2016-05-12T20:46:19.393Z"}
{"level":"info","message":"rendering index page","timestamp":"2016-05-12T20:46:19.406Z"}
{"level":"info","message":"user logged out","timestamp":"2016-05-12T20:48:01.780Z"}
{"level":"info","message":"rendering index page","timestamp":"2016-05-12T20:48:01.787Z"}
{"level":"info","message":"rendering login page","timestamp":"2016-05-12T21:06:05.600Z"}
{"level":"info","message":"login process","timestamp":"2016-05-12T21:06:11.856Z"}
{"level":"info","message":"rendering index page","timestamp":"2016-05-12T21:06:11.864Z"}
{"level":"info","message":"user logged out","timestamp":"2016-05-12T21:06:28.972Z"}
{"level":"info","message":"rendering index page","timestamp":"2016-05-12T21:06:28.977Z"}
{"level":"info","message":"rendering login page","timestamp":"2016-05-12T21:06:44.547Z"}
{"level":"info","message":"rendering login page","timestamp":"2016-05-12T21:06:47.445Z"}
{"level":"info","message":"login process","timestamp":"2016-05-12T21:06:48.123Z"}
{"level":"info","message":"rendering index page","timestamp":"2016-05-12T21:06:48.130Z"}
{"level":"info","message":"user logged out","timestamp":"2016-05-12T21:07:30.156Z"}
{"level":"info","message":"rendering index page","timestamp":"2016-05-12T21:07:30.161Z"}
{"level":"info","message":"rendering index page","timestamp":"2016-05-12T21:08:11.150Z"}
{"level":"info","message":"rendering login page","timestamp":"2016-05-12T21:08:45.942Z"}
{"level":"info","message":"login process","timestamp":"2016-05-12T21:08:56.851Z"}
{"level":"info","message":"rendering index page","timestamp":"2016-05-12T21:08:56.859Z"}
{"level":"info","message":"user logged out","timestamp":"2016-05-12T21:09:11.875Z"}
{"level":"info","message":"rendering index page","timestamp":"2016-05-12T21:09:11.880Z"}
{"level":"info","message":"rendering login page","timestamp":"2016-05-12T21:09:12.871Z"}
{"level":"info","message":"login process","timestamp":"2016-05-12T21:09:14.333Z"}
{"level":"info","message":"rendering index page","timestamp":"2016-05-12T21:09:14.340Z"}
{"level":"info","message":"rendering index page","timestamp":"2016-05-12T21:09:44.873Z"}
{"level":"info","message":"rendering index page","timestamp":"2016-05-12T21:11:11.168Z"}
{"level":"info","message":"user logged out","timestamp":"2016-05-12T21:11:22.393Z"}
{"level":"info","message":"rendering index page","timestamp":"2016-05-12T21:11:22.397Z"}
{"level":"info","message":"rendering login page","timestamp":"2016-05-12T21:11:23.336Z"}
{"level":"info","message":"login process","timestamp":"2016-05-12T21:11:27.297Z"}
{"level":"info","message":"admin logged in","timestamp":"2016-05-12T21:11:27.298Z"}
{"0":{"user_id":1,"fname":"Mingxiao ","lname":"Guo","email":"mg@sjsu.edu","pwd":"sha1$cbc118e8$1$9f54955a92ed7772ae9f259748a55e778979b708","gender":"Male","birthday":"1992-02-21T08:00:00.000Z","phone":"4086669999","street":"","city":"San Francisco","state":"California","zip_code":"95110"},"1":{"user_id":2,"fname":"harry","lname":"potter","email":"hp@sjsu.edu","pwd":"sha1$39829340$1$fec9ea7a2f8738dfd0610082895a204863557d59","gender":"Male","birthday":"1900-01-01T08:00:00.000Z","phone":"123-456-7890","street":"some street","city":"San Francisco","state":"California","zip_code":"95110"},"2":{"user_id":3,"fname":"Chenglong","lname":"Wei","email":"wcl@sjsu.edu","pwd":"sha1$7c2e8981$1$7b772c0971476e6f4b9717955c5101590645520b","gender":"Male","birthday":"1900-01-01T08:00:00.000Z","phone":"123-456-7890","street":"Good street","city":"San Francisco","state":"California","zip_code":"123456"},"3":{"user_id":4,"fname":"Qi","lname":"Cao","email":"cq@sjsu.edu","pwd":"sha1$b59b3dd3$1$148655813a8872775288a7cec0c4ea958ecbc417","gender":"Female","birthday":"1900-01-01T08:00:00.000Z","phone":"123-456-7890","street":"some street","city":"Seattle","state":"Washington","zip_code":"20000"},"4":{"user_id":5,"fname":"Feng","lname":"Chen","email":"cf@sjsu.edu","pwd":"sha1$3718abbe$1$4b8443a4e29aaf8f170417a0a906b2e981dbded0","gender":"Female","birthday":"1900-01-01T08:00:00.000Z","phone":"987-654-3210","street":"new york street","city":"New York","state":"New York","zip_code":"10000"},"5":{"user_id":6,"fname":"Tom","lname":"Riddle","email":"tr@sjsu.edu","pwd":"sha1$3249f52e$1$73939dba22ad328f9df39703ab76789b1c70ce73","gender":"Male","birthday":"1900-01-01T08:00:00.000Z","phone":"123-456-7890","street":"good street","city":"San Francisco","state":"California","zip_code":"90000"},"6":{"user_id":7,"fname":"Hello","lname":"World","email":"hw@sjsu.edu","pwd":"sha1$a25061b0$1$390ff18191beef38746dc7ba53c13eb61211dc6e","gender":"Male","birthday":null,"phone":null,"street":null,"city":null,"state":null,"zip_code":null},"level":"info","message":"in admin ","timestamp":"2016-05-12T21:11:27.311Z"}
{"level":"info","message":"user logged out","timestamp":"2016-05-12T21:12:17.384Z"}
{"level":"info","message":"rendering index page","timestamp":"2016-05-12T21:12:17.389Z"}
{"level":"info","message":"rendering login page","timestamp":"2016-05-12T21:12:35.612Z"}
{"level":"info","message":"rendering login page","timestamp":"2016-05-12T21:14:07.252Z"}
{"level":"info","message":"login process","timestamp":"2016-05-12T21:14:08.377Z"}
{"level":"info","message":"admin logged in","timestamp":"2016-05-12T21:14:08.377Z"}
{"0":{"user_id":1,"fname":"Mingxiao ","lname":"Guo","email":"mg@sjsu.edu","pwd":"sha1$cbc118e8$1$9f54955a92ed7772ae9f259748a55e778979b708","gender":"Male","birthday":"1992-02-21T08:00:00.000Z","phone":"4086669999","street":"","city":"San Francisco","state":"California","zip_code":"95110"},"1":{"user_id":2,"fname":"harry","lname":"potter","email":"hp@sjsu.edu","pwd":"sha1$39829340$1$fec9ea7a2f8738dfd0610082895a204863557d59","gender":"Male","birthday":"1900-01-01T08:00:00.000Z","phone":"123-456-7890","street":"some street","city":"San Francisco","state":"California","zip_code":"95110"},"2":{"user_id":3,"fname":"Chenglong","lname":"Wei","email":"wcl@sjsu.edu","pwd":"sha1$7c2e8981$1$7b772c0971476e6f4b9717955c5101590645520b","gender":"Male","birthday":"1900-01-01T08:00:00.000Z","phone":"123-456-7890","street":"Good street","city":"San Francisco","state":"California","zip_code":"123456"},"3":{"user_id":4,"fname":"Qi","lname":"Cao","email":"cq@sjsu.edu","pwd":"sha1$b59b3dd3$1$148655813a8872775288a7cec0c4ea958ecbc417","gender":"Female","birthday":"1900-01-01T08:00:00.000Z","phone":"123-456-7890","street":"some street","city":"Seattle","state":"Washington","zip_code":"20000"},"4":{"user_id":5,"fname":"Feng","lname":"Chen","email":"cf@sjsu.edu","pwd":"sha1$3718abbe$1$4b8443a4e29aaf8f170417a0a906b2e981dbded0","gender":"Female","birthday":"1900-01-01T08:00:00.000Z","phone":"987-654-3210","street":"new york street","city":"New York","state":"New York","zip_code":"10000"},"5":{"user_id":6,"fname":"Tom","lname":"Riddle","email":"tr@sjsu.edu","pwd":"sha1$3249f52e$1$73939dba22ad328f9df39703ab76789b1c70ce73","gender":"Male","birthday":"1900-01-01T08:00:00.000Z","phone":"123-456-7890","street":"good street","city":"San Francisco","state":"California","zip_code":"90000"},"6":{"user_id":7,"fname":"Hello","lname":"World","email":"hw@sjsu.edu","pwd":"sha1$a25061b0$1$390ff18191beef38746dc7ba53c13eb61211dc6e","gender":"Male","birthday":null,"phone":null,"street":null,"city":null,"state":null,"zip_code":null},"level":"info","message":"in admin ","timestamp":"2016-05-12T21:14:08.387Z"}
{"0":{"user_id":1,"fname":"Mingxiao ","lname":"Guo","email":"mg@sjsu.edu","pwd":"sha1$cbc118e8$1$9f54955a92ed7772ae9f259748a55e778979b708","gender":"Male","birthday":"1992-02-21T08:00:00.000Z","phone":"4086669999","street":"","city":"San Francisco","state":"California","zip_code":"95110"},"1":{"user_id":2,"fname":"harry","lname":"potter","email":"hp@sjsu.edu","pwd":"sha1$39829340$1$fec9ea7a2f8738dfd0610082895a204863557d59","gender":"Male","birthday":"1900-01-01T08:00:00.000Z","phone":"123-456-7890","street":"some street","city":"San Francisco","state":"California","zip_code":"95110"},"2":{"user_id":3,"fname":"Chenglong","lname":"Wei","email":"wcl@sjsu.edu","pwd":"sha1$7c2e8981$1$7b772c0971476e6f4b9717955c5101590645520b","gender":"Male","birthday":"1900-01-01T08:00:00.000Z","phone":"123-456-7890","street":"Good street","city":"San Francisco","state":"California","zip_code":"123456"},"3":{"user_id":4,"fname":"Qi","lname":"Cao","email":"cq@sjsu.edu","pwd":"sha1$b59b3dd3$1$148655813a8872775288a7cec0c4ea958ecbc417","gender":"Female","birthday":"1900-01-01T08:00:00.000Z","phone":"123-456-7890","street":"some street","city":"Seattle","state":"Washington","zip_code":"20000"},"4":{"user_id":5,"fname":"Feng","lname":"Chen","email":"cf@sjsu.edu","pwd":"sha1$3718abbe$1$4b8443a4e29aaf8f170417a0a906b2e981dbded0","gender":"Female","birthday":"1900-01-01T08:00:00.000Z","phone":"987-654-3210","street":"new york street","city":"New York","state":"New York","zip_code":"10000"},"5":{"user_id":6,"fname":"Tom","lname":"Riddle","email":"tr@sjsu.edu","pwd":"sha1$3249f52e$1$73939dba22ad328f9df39703ab76789b1c70ce73","gender":"Male","birthday":"1900-01-01T08:00:00.000Z","phone":"123-456-7890","street":"good street","city":"San Francisco","state":"California","zip_code":"90000"},"6":{"user_id":7,"fname":"Hello","lname":"World","email":"hw@sjsu.edu","pwd":"sha1$a25061b0$1$390ff18191beef38746dc7ba53c13eb61211dc6e","gender":"Male","birthday":null,"phone":null,"street":null,"city":null,"state":null,"zip_code":null},"level":"info","message":"in admin ","timestamp":"2016-05-12T21:14:10.931Z"}
{"level":"info","message":"user logged out","timestamp":"2016-05-12T21:14:12.851Z"}
{"level":"info","message":"rendering index page","timestamp":"2016-05-12T21:14:12.856Z"}
{"level":"info","message":"rendering login page","timestamp":"2016-05-12T21:14:13.933Z"}
{"level":"info","message":"login process","timestamp":"2016-05-12T21:14:16.172Z"}
{"level":"info","message":"rendering index page","timestamp":"2016-05-12T21:14:16.179Z"}
